[0.104s] DEBUG:colcon:Command line arguments: ['/usr/bin/colcon', 'build']
[0.104s] DEBUG:colcon:Parsed command line arguments: Namespace(allow_overriding=[], ament_cmake_args=None, base_paths=['.'], build_base='build', catkin_cmake_args=None, catkin_skip_building_tests=False, cmake_args=None, cmake_clean_cache=False, cmake_clean_first=False, cmake_force_configure=False, cmake_target=None, cmake_target_skip_unavailable=False, continue_on_error=False, event_handlers=None, executor='parallel', ignore_user_meta=False, install_base='install', log_base=None, log_level=None, main=<bound method BuildVerb.main of <colcon_core.verb.build.BuildVerb object at 0xffff8e7a2be0>>, merge_install=False, metas=['./colcon.meta'], mixin=None, mixin_files=None, mixin_verb=('build',), packages_above=None, packages_above_and_dependencies=None, packages_above_depth=None, packages_end=None, packages_ignore=None, packages_ignore_regex=None, packages_select=None, packages_select_build_failed=False, packages_select_by_dep=None, packages_select_regex=None, packages_select_test_failures=False, packages_skip=None, packages_skip_build_finished=False, packages_skip_by_dep=None, packages_skip_regex=None, packages_skip_test_passed=False, packages_skip_up_to=None, packages_start=None, packages_up_to=None, packages_up_to_regex=None, parallel_workers=4, paths=None, symlink_install=False, test_result_base=None, verb_extension=<colcon_core.verb.build.BuildVerb object at 0xffff8e7a2be0>, verb_name='build', verb_parser=<colcon_mixin.mixin.mixin_argument.MixinArgumentDecorator object at 0xffff8e7b41f0>)
[0.167s] Level 1:colcon.colcon_core.package_discovery:discover_packages(colcon_meta) check parameters
[0.167s] Level 1:colcon.colcon_core.package_discovery:discover_packages(recursive) check parameters
[0.167s] Level 1:colcon.colcon_core.package_discovery:discover_packages(ignore) check parameters
[0.167s] Level 1:colcon.colcon_core.package_discovery:discover_packages(path) check parameters
[0.167s] Level 1:colcon.colcon_core.package_discovery:discover_packages(colcon_meta) discover
[0.167s] Level 1:colcon.colcon_core.package_discovery:discover_packages(recursive) discover
[0.167s] INFO:colcon.colcon_core.package_discovery:Crawling recursively for packages in '/home/pranav/ros2_ws'
[0.167s] Level 1:colcon.colcon_core.package_identification:_identify(.) by extensions ['ignore', 'ignore_ament_install']
[0.167s] Level 1:colcon.colcon_core.package_identification:_identify(.) by extension 'ignore'
[0.167s] Level 1:colcon.colcon_core.package_identification:_identify(.) by extension 'ignore_ament_install'
[0.167s] Level 1:colcon.colcon_core.package_identification:_identify(.) by extensions ['colcon_pkg']
[0.167s] Level 1:colcon.colcon_core.package_identification:_identify(.) by extension 'colcon_pkg'
[0.167s] Level 1:colcon.colcon_core.package_identification:_identify(.) by extensions ['colcon_meta']
[0.167s] Level 1:colcon.colcon_core.package_identification:_identify(.) by extension 'colcon_meta'
[0.167s] Level 1:colcon.colcon_core.package_identification:_identify(.) by extensions ['ros']
[0.167s] Level 1:colcon.colcon_core.package_identification:_identify(.) by extension 'ros'
[0.173s] Level 1:colcon.colcon_core.package_identification:_identify(.) by extensions ['cmake', 'python']
[0.173s] Level 1:colcon.colcon_core.package_identification:_identify(.) by extension 'cmake'
[0.173s] Level 1:colcon.colcon_core.package_identification:_identify(.) by extension 'python'
[0.174s] Level 1:colcon.colcon_core.package_identification:_identify(.) by extensions ['python_setup_py']
[0.174s] Level 1:colcon.colcon_core.package_identification:_identify(.) by extension 'python_setup_py'
[0.174s] Level 1:colcon.colcon_core.package_identification:_identify(build) by extensions ['ignore', 'ignore_ament_install']
[0.174s] Level 1:colcon.colcon_core.package_identification:_identify(build) by extension 'ignore'
[0.174s] Level 1:colcon.colcon_core.package_identification:_identify(build) ignored
[0.174s] Level 1:colcon.colcon_core.package_identification:_identify(install) by extensions ['ignore', 'ignore_ament_install']
[0.174s] Level 1:colcon.colcon_core.package_identification:_identify(install) by extension 'ignore'
[0.174s] Level 1:colcon.colcon_core.package_identification:_identify(install) ignored
[0.174s] Level 1:colcon.colcon_core.package_identification:_identify(log) by extensions ['ignore', 'ignore_ament_install']
[0.174s] Level 1:colcon.colcon_core.package_identification:_identify(log) by extension 'ignore'
[0.174s] Level 1:colcon.colcon_core.package_identification:_identify(log) ignored
[0.174s] Level 1:colcon.colcon_core.package_identification:_identify(src) by extensions ['ignore', 'ignore_ament_install']
[0.174s] Level 1:colcon.colcon_core.package_identification:_identify(src) by extension 'ignore'
[0.174s] Level 1:colcon.colcon_core.package_identification:_identify(src) by extension 'ignore_ament_install'
[0.174s] Level 1:colcon.colcon_core.package_identification:_identify(src) by extensions ['colcon_pkg']
[0.174s] Level 1:colcon.colcon_core.package_identification:_identify(src) by extension 'colcon_pkg'
[0.174s] Level 1:colcon.colcon_core.package_identification:_identify(src) by extensions ['colcon_meta']
[0.174s] Level 1:colcon.colcon_core.package_identification:_identify(src) by extension 'colcon_meta'
[0.174s] Level 1:colcon.colcon_core.package_identification:_identify(src) by extensions ['ros']
[0.174s] Level 1:colcon.colcon_core.package_identification:_identify(src) by extension 'ros'
[0.174s] Level 1:colcon.colcon_core.package_identification:_identify(src) by extensions ['cmake', 'python']
[0.174s] Level 1:colcon.colcon_core.package_identification:_identify(src) by extension 'cmake'
[0.174s] Level 1:colcon.colcon_core.package_identification:_identify(src) by extension 'python'
[0.174s] Level 1:colcon.colcon_core.package_identification:_identify(src) by extensions ['python_setup_py']
[0.174s] Level 1:colcon.colcon_core.package_identification:_identify(src) by extension 'python_setup_py'
[0.174s] Level 1:colcon.colcon_core.package_identification:_identify(src/landmark_detector_pkg) by extensions ['ignore', 'ignore_ament_install']
[0.174s] Level 1:colcon.colcon_core.package_identification:_identify(src/landmark_detector_pkg) by extension 'ignore'
[0.174s] Level 1:colcon.colcon_core.package_identification:_identify(src/landmark_detector_pkg) by extension 'ignore_ament_install'
[0.174s] Level 1:colcon.colcon_core.package_identification:_identify(src/landmark_detector_pkg) by extensions ['colcon_pkg']
[0.174s] Level 1:colcon.colcon_core.package_identification:_identify(src/landmark_detector_pkg) by extension 'colcon_pkg'
[0.174s] Level 1:colcon.colcon_core.package_identification:_identify(src/landmark_detector_pkg) by extensions ['colcon_meta']
[0.174s] Level 1:colcon.colcon_core.package_identification:_identify(src/landmark_detector_pkg) by extension 'colcon_meta'
[0.174s] Level 1:colcon.colcon_core.package_identification:_identify(src/landmark_detector_pkg) by extensions ['ros']
[0.174s] Level 1:colcon.colcon_core.package_identification:_identify(src/landmark_detector_pkg) by extension 'ros'
[0.175s] DEBUG:colcon.colcon_core.package_identification:Package 'src/landmark_detector_pkg' with type 'ros.ament_python' and name 'landmark_detector_pkg'
[0.175s] Level 1:colcon.colcon_core.package_identification:_identify(src/turtlebot3) by extensions ['ignore', 'ignore_ament_install']
[0.175s] Level 1:colcon.colcon_core.package_identification:_identify(src/turtlebot3) by extension 'ignore'
[0.175s] Level 1:colcon.colcon_core.package_identification:_identify(src/turtlebot3) by extension 'ignore_ament_install'
[0.175s] Level 1:colcon.colcon_core.package_identification:_identify(src/turtlebot3) by extensions ['colcon_pkg']
[0.175s] Level 1:colcon.colcon_core.package_identification:_identify(src/turtlebot3) by extension 'colcon_pkg'
[0.175s] Level 1:colcon.colcon_core.package_identification:_identify(src/turtlebot3) by extensions ['colcon_meta']
[0.175s] Level 1:colcon.colcon_core.package_identification:_identify(src/turtlebot3) by extension 'colcon_meta'
[0.175s] Level 1:colcon.colcon_core.package_identification:_identify(src/turtlebot3) by extensions ['ros']
[0.175s] Level 1:colcon.colcon_core.package_identification:_identify(src/turtlebot3) by extension 'ros'
[0.175s] Level 1:colcon.colcon_core.package_identification:_identify(src/turtlebot3) by extensions ['cmake', 'python']
[0.175s] Level 1:colcon.colcon_core.package_identification:_identify(src/turtlebot3) by extension 'cmake'
[0.175s] Level 1:colcon.colcon_core.package_identification:_identify(src/turtlebot3) by extension 'python'
[0.175s] Level 1:colcon.colcon_core.package_identification:_identify(src/turtlebot3) by extensions ['python_setup_py']
[0.175s] Level 1:colcon.colcon_core.package_identification:_identify(src/turtlebot3) by extension 'python_setup_py'
[0.175s] Level 1:colcon.colcon_core.package_identification:_identify(src/turtlebot3/turtlebot3) by extensions ['ignore', 'ignore_ament_install']
[0.175s] Level 1:colcon.colcon_core.package_identification:_identify(src/turtlebot3/turtlebot3) by extension 'ignore'
[0.176s] Level 1:colcon.colcon_core.package_identification:_identify(src/turtlebot3/turtlebot3) by extension 'ignore_ament_install'
[0.176s] Level 1:colcon.colcon_core.package_identification:_identify(src/turtlebot3/turtlebot3) by extensions ['colcon_pkg']
[0.176s] Level 1:colcon.colcon_core.package_identification:_identify(src/turtlebot3/turtlebot3) by extension 'colcon_pkg'
[0.176s] Level 1:colcon.colcon_core.package_identification:_identify(src/turtlebot3/turtlebot3) by extensions ['colcon_meta']
[0.176s] Level 1:colcon.colcon_core.package_identification:_identify(src/turtlebot3/turtlebot3) by extension 'colcon_meta'
[0.176s] Level 1:colcon.colcon_core.package_identification:_identify(src/turtlebot3/turtlebot3) by extensions ['ros']
[0.176s] Level 1:colcon.colcon_core.package_identification:_identify(src/turtlebot3/turtlebot3) by extension 'ros'
[0.176s] DEBUG:colcon.colcon_core.package_identification:Package 'src/turtlebot3/turtlebot3' with type 'ros.ament_cmake' and name 'turtlebot3'
[0.176s] Level 1:colcon.colcon_core.package_identification:_identify(src/turtlebot3/turtlebot3_bringup) by extensions ['ignore', 'ignore_ament_install']
[0.176s] Level 1:colcon.colcon_core.package_identification:_identify(src/turtlebot3/turtlebot3_bringup) by extension 'ignore'
[0.176s] Level 1:colcon.colcon_core.package_identification:_identify(src/turtlebot3/turtlebot3_bringup) by extension 'ignore_ament_install'
[0.176s] Level 1:colcon.colcon_core.package_identification:_identify(src/turtlebot3/turtlebot3_bringup) by extensions ['colcon_pkg']
[0.176s] Level 1:colcon.colcon_core.package_identification:_identify(src/turtlebot3/turtlebot3_bringup) by extension 'colcon_pkg'
[0.176s] Level 1:colcon.colcon_core.package_identification:_identify(src/turtlebot3/turtlebot3_bringup) by extensions ['colcon_meta']
[0.176s] Level 1:colcon.colcon_core.package_identification:_identify(src/turtlebot3/turtlebot3_bringup) by extension 'colcon_meta'
[0.176s] Level 1:colcon.colcon_core.package_identification:_identify(src/turtlebot3/turtlebot3_bringup) by extensions ['ros']
[0.176s] Level 1:colcon.colcon_core.package_identification:_identify(src/turtlebot3/turtlebot3_bringup) by extension 'ros'
[0.176s] DEBUG:colcon.colcon_core.package_identification:Package 'src/turtlebot3/turtlebot3_bringup' with type 'ros.ament_cmake' and name 'turtlebot3_bringup'
[0.176s] Level 1:colcon.colcon_core.package_identification:_identify(src/turtlebot3/turtlebot3_cartographer) by extensions ['ignore', 'ignore_ament_install']
[0.176s] Level 1:colcon.colcon_core.package_identification:_identify(src/turtlebot3/turtlebot3_cartographer) by extension 'ignore'
[0.176s] Level 1:colcon.colcon_core.package_identification:_identify(src/turtlebot3/turtlebot3_cartographer) by extension 'ignore_ament_install'
[0.176s] Level 1:colcon.colcon_core.package_identification:_identify(src/turtlebot3/turtlebot3_cartographer) by extensions ['colcon_pkg']
[0.176s] Level 1:colcon.colcon_core.package_identification:_identify(src/turtlebot3/turtlebot3_cartographer) by extension 'colcon_pkg'
[0.176s] Level 1:colcon.colcon_core.package_identification:_identify(src/turtlebot3/turtlebot3_cartographer) by extensions ['colcon_meta']
[0.176s] Level 1:colcon.colcon_core.package_identification:_identify(src/turtlebot3/turtlebot3_cartographer) by extension 'colcon_meta'
[0.176s] Level 1:colcon.colcon_core.package_identification:_identify(src/turtlebot3/turtlebot3_cartographer) by extensions ['ros']
[0.176s] Level 1:colcon.colcon_core.package_identification:_identify(src/turtlebot3/turtlebot3_cartographer) by extension 'ros'
[0.177s] DEBUG:colcon.colcon_core.package_identification:Package 'src/turtlebot3/turtlebot3_cartographer' with type 'ros.ament_cmake' and name 'turtlebot3_cartographer'
[0.177s] Level 1:colcon.colcon_core.package_identification:_identify(src/turtlebot3/turtlebot3_description) by extensions ['ignore', 'ignore_ament_install']
[0.177s] Level 1:colcon.colcon_core.package_identification:_identify(src/turtlebot3/turtlebot3_description) by extension 'ignore'
[0.177s] Level 1:colcon.colcon_core.package_identification:_identify(src/turtlebot3/turtlebot3_description) by extension 'ignore_ament_install'
[0.177s] Level 1:colcon.colcon_core.package_identification:_identify(src/turtlebot3/turtlebot3_description) by extensions ['colcon_pkg']
[0.177s] Level 1:colcon.colcon_core.package_identification:_identify(src/turtlebot3/turtlebot3_description) by extension 'colcon_pkg'
[0.177s] Level 1:colcon.colcon_core.package_identification:_identify(src/turtlebot3/turtlebot3_description) by extensions ['colcon_meta']
[0.177s] Level 1:colcon.colcon_core.package_identification:_identify(src/turtlebot3/turtlebot3_description) by extension 'colcon_meta'
[0.177s] Level 1:colcon.colcon_core.package_identification:_identify(src/turtlebot3/turtlebot3_description) by extensions ['ros']
[0.177s] Level 1:colcon.colcon_core.package_identification:_identify(src/turtlebot3/turtlebot3_description) by extension 'ros'
[0.177s] DEBUG:colcon.colcon_core.package_identification:Package 'src/turtlebot3/turtlebot3_description' with type 'ros.ament_cmake' and name 'turtlebot3_description'
[0.177s] Level 1:colcon.colcon_core.package_identification:_identify(src/turtlebot3/turtlebot3_example) by extensions ['ignore', 'ignore_ament_install']
[0.177s] Level 1:colcon.colcon_core.package_identification:_identify(src/turtlebot3/turtlebot3_example) by extension 'ignore'
[0.177s] Level 1:colcon.colcon_core.package_identification:_identify(src/turtlebot3/turtlebot3_example) by extension 'ignore_ament_install'
[0.177s] Level 1:colcon.colcon_core.package_identification:_identify(src/turtlebot3/turtlebot3_example) by extensions ['colcon_pkg']
[0.177s] Level 1:colcon.colcon_core.package_identification:_identify(src/turtlebot3/turtlebot3_example) by extension 'colcon_pkg'
[0.177s] Level 1:colcon.colcon_core.package_identification:_identify(src/turtlebot3/turtlebot3_example) by extensions ['colcon_meta']
[0.177s] Level 1:colcon.colcon_core.package_identification:_identify(src/turtlebot3/turtlebot3_example) by extension 'colcon_meta'
[0.177s] Level 1:colcon.colcon_core.package_identification:_identify(src/turtlebot3/turtlebot3_example) by extensions ['ros']
[0.177s] Level 1:colcon.colcon_core.package_identification:_identify(src/turtlebot3/turtlebot3_example) by extension 'ros'
[0.178s] DEBUG:colcon.colcon_core.package_identification:Package 'src/turtlebot3/turtlebot3_example' with type 'ros.ament_python' and name 'turtlebot3_example'
[0.178s] Level 1:colcon.colcon_core.package_identification:_identify(src/turtlebot3/turtlebot3_navigation2) by extensions ['ignore', 'ignore_ament_install']
[0.178s] Level 1:colcon.colcon_core.package_identification:_identify(src/turtlebot3/turtlebot3_navigation2) by extension 'ignore'
[0.178s] Level 1:colcon.colcon_core.package_identification:_identify(src/turtlebot3/turtlebot3_navigation2) by extension 'ignore_ament_install'
[0.178s] Level 1:colcon.colcon_core.package_identification:_identify(src/turtlebot3/turtlebot3_navigation2) by extensions ['colcon_pkg']
[0.178s] Level 1:colcon.colcon_core.package_identification:_identify(src/turtlebot3/turtlebot3_navigation2) by extension 'colcon_pkg'
[0.178s] Level 1:colcon.colcon_core.package_identification:_identify(src/turtlebot3/turtlebot3_navigation2) by extensions ['colcon_meta']
[0.178s] Level 1:colcon.colcon_core.package_identification:_identify(src/turtlebot3/turtlebot3_navigation2) by extension 'colcon_meta'
[0.178s] Level 1:colcon.colcon_core.package_identification:_identify(src/turtlebot3/turtlebot3_navigation2) by extensions ['ros']
[0.178s] Level 1:colcon.colcon_core.package_identification:_identify(src/turtlebot3/turtlebot3_navigation2) by extension 'ros'
[0.178s] DEBUG:colcon.colcon_core.package_identification:Package 'src/turtlebot3/turtlebot3_navigation2' with type 'ros.ament_cmake' and name 'turtlebot3_navigation2'
[0.178s] Level 1:colcon.colcon_core.package_identification:_identify(src/turtlebot3/turtlebot3_node) by extensions ['ignore', 'ignore_ament_install']
[0.178s] Level 1:colcon.colcon_core.package_identification:_identify(src/turtlebot3/turtlebot3_node) by extension 'ignore'
[0.178s] Level 1:colcon.colcon_core.package_identification:_identify(src/turtlebot3/turtlebot3_node) by extension 'ignore_ament_install'
[0.178s] Level 1:colcon.colcon_core.package_identification:_identify(src/turtlebot3/turtlebot3_node) by extensions ['colcon_pkg']
[0.178s] Level 1:colcon.colcon_core.package_identification:_identify(src/turtlebot3/turtlebot3_node) by extension 'colcon_pkg'
[0.178s] Level 1:colcon.colcon_core.package_identification:_identify(src/turtlebot3/turtlebot3_node) by extensions ['colcon_meta']
[0.178s] Level 1:colcon.colcon_core.package_identification:_identify(src/turtlebot3/turtlebot3_node) by extension 'colcon_meta'
[0.178s] Level 1:colcon.colcon_core.package_identification:_identify(src/turtlebot3/turtlebot3_node) by extensions ['ros']
[0.178s] Level 1:colcon.colcon_core.package_identification:_identify(src/turtlebot3/turtlebot3_node) by extension 'ros'
[0.179s] DEBUG:colcon.colcon_core.package_identification:Package 'src/turtlebot3/turtlebot3_node' with type 'ros.ament_cmake' and name 'turtlebot3_node'
[0.179s] Level 1:colcon.colcon_core.package_identification:_identify(src/turtlebot3/turtlebot3_teleop) by extensions ['ignore', 'ignore_ament_install']
[0.179s] Level 1:colcon.colcon_core.package_identification:_identify(src/turtlebot3/turtlebot3_teleop) by extension 'ignore'
[0.179s] Level 1:colcon.colcon_core.package_identification:_identify(src/turtlebot3/turtlebot3_teleop) by extension 'ignore_ament_install'
[0.179s] Level 1:colcon.colcon_core.package_identification:_identify(src/turtlebot3/turtlebot3_teleop) by extensions ['colcon_pkg']
[0.179s] Level 1:colcon.colcon_core.package_identification:_identify(src/turtlebot3/turtlebot3_teleop) by extension 'colcon_pkg'
[0.179s] Level 1:colcon.colcon_core.package_identification:_identify(src/turtlebot3/turtlebot3_teleop) by extensions ['colcon_meta']
[0.179s] Level 1:colcon.colcon_core.package_identification:_identify(src/turtlebot3/turtlebot3_teleop) by extension 'colcon_meta'
[0.179s] Level 1:colcon.colcon_core.package_identification:_identify(src/turtlebot3/turtlebot3_teleop) by extensions ['ros']
[0.179s] Level 1:colcon.colcon_core.package_identification:_identify(src/turtlebot3/turtlebot3_teleop) by extension 'ros'
[0.179s] DEBUG:colcon.colcon_core.package_identification:Package 'src/turtlebot3/turtlebot3_teleop' with type 'ros.ament_python' and name 'turtlebot3_teleop'
[0.179s] Level 1:colcon.colcon_core.package_discovery:discover_packages(recursive) using defaults
[0.179s] Level 1:colcon.colcon_core.package_discovery:discover_packages(ignore) discover
[0.179s] Level 1:colcon.colcon_core.package_discovery:discover_packages(ignore) using defaults
[0.179s] Level 1:colcon.colcon_core.package_discovery:discover_packages(path) discover
[0.179s] Level 1:colcon.colcon_core.package_discovery:discover_packages(path) using defaults
[0.194s] Level 1:colcon.colcon_core.package_discovery:discover_packages(prefix_path) check parameters
[0.194s] Level 1:colcon.colcon_core.package_discovery:discover_packages(prefix_path) discover
[0.194s] WARNING:colcon.colcon_ros.prefix_path.ament:The path '/home/pranav/ros2_ws/install/landmark_detector_pkg' in the environment variable AMENT_PREFIX_PATH doesn't exist
[0.194s] WARNING:colcon.colcon_ros.prefix_path.ament:The path '/home/pranav/ros2_ws/install/husarion_ugv_msgs' in the environment variable AMENT_PREFIX_PATH doesn't exist
[0.194s] WARNING:colcon.colcon_ros.prefix_path.ament:The path '/home/pranav/ros2_ws/install/husarion_ugv_description' in the environment variable AMENT_PREFIX_PATH doesn't exist
[0.194s] WARNING:colcon.colcon_ros.prefix_path.ament:The path '/home/pranav/ros2_ws/install/husarion_ugv_bringup' in the environment variable AMENT_PREFIX_PATH doesn't exist
[0.194s] WARNING:colcon.colcon_ros.prefix_path.ament:The path '/home/pranav/ros2_ws/install/husarion_ugv' in the environment variable AMENT_PREFIX_PATH doesn't exist
[0.194s] WARNING:colcon.colcon_ros.prefix_path.ament:The path '/home/pranav/ros2_ws/install/erc' in the environment variable AMENT_PREFIX_PATH doesn't exist
[0.194s] WARNING:colcon.colcon_ros.prefix_path.catkin:The path '/home/pranav/ros2_ws/install/husarion_ugv_msgs' in the environment variable CMAKE_PREFIX_PATH doesn't exist
[0.194s] WARNING:colcon.colcon_ros.prefix_path.catkin:The path '/home/pranav/ros2_ws/install/husarion_ugv_description' in the environment variable CMAKE_PREFIX_PATH doesn't exist
[0.194s] WARNING:colcon.colcon_ros.prefix_path.catkin:The path '/home/pranav/ros2_ws/install/husarion_ugv_bringup' in the environment variable CMAKE_PREFIX_PATH doesn't exist
[0.194s] WARNING:colcon.colcon_ros.prefix_path.catkin:The path '/home/pranav/ros2_ws/install/husarion_ugv' in the environment variable CMAKE_PREFIX_PATH doesn't exist
[0.195s] DEBUG:colcon.colcon_installed_package_information.package_discovery:Found 0 installed packages in /home/pranav/ros2_ws/install
[0.195s] DEBUG:colcon.colcon_installed_package_information.package_discovery:Found 376 installed packages in /opt/ros/foxy
[0.196s] Level 1:colcon.colcon_core.package_discovery:discover_packages(prefix_path) using defaults
[0.230s] WARNING:colcon.colcon_core.package_selection:Some selected packages are already built in one or more underlay workspaces:
	'turtlebot3_description' is in: /opt/ros/foxy
If a package in a merged underlay workspace is overridden and it installs headers, then all packages in the overlay must sort their include directories by workspace order. Failure to do so may result in build failures or undefined behavior at run time.
If the overridden package is used by another package in any underlay, then the overriding package in the overlay must be API and ABI compatible or undefined behavior at run time may occur.

If you understand the risks and want to override a package anyways, add the following to the command line:
	--allow-overriding turtlebot3_description

This may be promoted to an error in a future release of colcon-override-check.
[0.230s] Level 5:colcon.colcon_core.verb:set package 'landmark_detector_pkg' build argument 'cmake_args' from command line to 'None'
[0.230s] Level 5:colcon.colcon_core.verb:set package 'landmark_detector_pkg' build argument 'cmake_target' from command line to 'None'
[0.230s] Level 5:colcon.colcon_core.verb:set package 'landmark_detector_pkg' build argument 'cmake_target_skip_unavailable' from command line to 'False'
[0.230s] Level 5:colcon.colcon_core.verb:set package 'landmark_detector_pkg' build argument 'cmake_clean_cache' from command line to 'False'
[0.230s] Level 5:colcon.colcon_core.verb:set package 'landmark_detector_pkg' build argument 'cmake_clean_first' from command line to 'False'
[0.230s] Level 5:colcon.colcon_core.verb:set package 'landmark_detector_pkg' build argument 'cmake_force_configure' from command line to 'False'
[0.230s] Level 5:colcon.colcon_core.verb:set package 'landmark_detector_pkg' build argument 'ament_cmake_args' from command line to 'None'
[0.230s] Level 5:colcon.colcon_core.verb:set package 'landmark_detector_pkg' build argument 'catkin_cmake_args' from command line to 'None'
[0.230s] Level 5:colcon.colcon_core.verb:set package 'landmark_detector_pkg' build argument 'catkin_skip_building_tests' from command line to 'False'
[0.230s] DEBUG:colcon.colcon_core.verb:Building package 'landmark_detector_pkg' with the following arguments: {'ament_cmake_args': None, 'build_base': '/home/pranav/ros2_ws/build/landmark_detector_pkg', 'catkin_cmake_args': None, 'catkin_skip_building_tests': False, 'cmake_args': None, 'cmake_clean_cache': False, 'cmake_clean_first': False, 'cmake_force_configure': False, 'cmake_target': None, 'cmake_target_skip_unavailable': False, 'install_base': '/home/pranav/ros2_ws/install/landmark_detector_pkg', 'merge_install': False, 'path': '/home/pranav/ros2_ws/src/landmark_detector_pkg', 'symlink_install': False, 'test_result_base': None}
[0.230s] Level 5:colcon.colcon_core.verb:set package 'turtlebot3_cartographer' build argument 'cmake_args' from command line to 'None'
[0.230s] Level 5:colcon.colcon_core.verb:set package 'turtlebot3_cartographer' build argument 'cmake_target' from command line to 'None'
[0.230s] Level 5:colcon.colcon_core.verb:set package 'turtlebot3_cartographer' build argument 'cmake_target_skip_unavailable' from command line to 'False'
[0.230s] Level 5:colcon.colcon_core.verb:set package 'turtlebot3_cartographer' build argument 'cmake_clean_cache' from command line to 'False'
[0.230s] Level 5:colcon.colcon_core.verb:set package 'turtlebot3_cartographer' build argument 'cmake_clean_first' from command line to 'False'
[0.230s] Level 5:colcon.colcon_core.verb:set package 'turtlebot3_cartographer' build argument 'cmake_force_configure' from command line to 'False'
[0.230s] Level 5:colcon.colcon_core.verb:set package 'turtlebot3_cartographer' build argument 'ament_cmake_args' from command line to 'None'
[0.230s] Level 5:colcon.colcon_core.verb:set package 'turtlebot3_cartographer' build argument 'catkin_cmake_args' from command line to 'None'
[0.230s] Level 5:colcon.colcon_core.verb:set package 'turtlebot3_cartographer' build argument 'catkin_skip_building_tests' from command line to 'False'
[0.230s] DEBUG:colcon.colcon_core.verb:Building package 'turtlebot3_cartographer' with the following arguments: {'ament_cmake_args': None, 'build_base': '/home/pranav/ros2_ws/build/turtlebot3_cartographer', 'catkin_cmake_args': None, 'catkin_skip_building_tests': False, 'cmake_args': None, 'cmake_clean_cache': False, 'cmake_clean_first': False, 'cmake_force_configure': False, 'cmake_target': None, 'cmake_target_skip_unavailable': False, 'install_base': '/home/pranav/ros2_ws/install/turtlebot3_cartographer', 'merge_install': False, 'path': '/home/pranav/ros2_ws/src/turtlebot3/turtlebot3_cartographer', 'symlink_install': False, 'test_result_base': None}
[0.230s] Level 5:colcon.colcon_core.verb:set package 'turtlebot3_description' build argument 'cmake_args' from command line to 'None'
[0.230s] Level 5:colcon.colcon_core.verb:set package 'turtlebot3_description' build argument 'cmake_target' from command line to 'None'
[0.230s] Level 5:colcon.colcon_core.verb:set package 'turtlebot3_description' build argument 'cmake_target_skip_unavailable' from command line to 'False'
[0.230s] Level 5:colcon.colcon_core.verb:set package 'turtlebot3_description' build argument 'cmake_clean_cache' from command line to 'False'
[0.230s] Level 5:colcon.colcon_core.verb:set package 'turtlebot3_description' build argument 'cmake_clean_first' from command line to 'False'
[0.230s] Level 5:colcon.colcon_core.verb:set package 'turtlebot3_description' build argument 'cmake_force_configure' from command line to 'False'
[0.230s] Level 5:colcon.colcon_core.verb:set package 'turtlebot3_description' build argument 'ament_cmake_args' from command line to 'None'
[0.230s] Level 5:colcon.colcon_core.verb:set package 'turtlebot3_description' build argument 'catkin_cmake_args' from command line to 'None'
[0.230s] Level 5:colcon.colcon_core.verb:set package 'turtlebot3_description' build argument 'catkin_skip_building_tests' from command line to 'False'
[0.230s] DEBUG:colcon.colcon_core.verb:Building package 'turtlebot3_description' with the following arguments: {'ament_cmake_args': None, 'build_base': '/home/pranav/ros2_ws/build/turtlebot3_description', 'catkin_cmake_args': None, 'catkin_skip_building_tests': False, 'cmake_args': None, 'cmake_clean_cache': False, 'cmake_clean_first': False, 'cmake_force_configure': False, 'cmake_target': None, 'cmake_target_skip_unavailable': False, 'install_base': '/home/pranav/ros2_ws/install/turtlebot3_description', 'merge_install': False, 'path': '/home/pranav/ros2_ws/src/turtlebot3/turtlebot3_description', 'symlink_install': False, 'test_result_base': None}
[0.231s] Level 5:colcon.colcon_core.verb:set package 'turtlebot3_example' build argument 'cmake_args' from command line to 'None'
[0.231s] Level 5:colcon.colcon_core.verb:set package 'turtlebot3_example' build argument 'cmake_target' from command line to 'None'
[0.231s] Level 5:colcon.colcon_core.verb:set package 'turtlebot3_example' build argument 'cmake_target_skip_unavailable' from command line to 'False'
[0.231s] Level 5:colcon.colcon_core.verb:set package 'turtlebot3_example' build argument 'cmake_clean_cache' from command line to 'False'
[0.231s] Level 5:colcon.colcon_core.verb:set package 'turtlebot3_example' build argument 'cmake_clean_first' from command line to 'False'
[0.231s] Level 5:colcon.colcon_core.verb:set package 'turtlebot3_example' build argument 'cmake_force_configure' from command line to 'False'
[0.231s] Level 5:colcon.colcon_core.verb:set package 'turtlebot3_example' build argument 'ament_cmake_args' from command line to 'None'
[0.231s] Level 5:colcon.colcon_core.verb:set package 'turtlebot3_example' build argument 'catkin_cmake_args' from command line to 'None'
[0.231s] Level 5:colcon.colcon_core.verb:set package 'turtlebot3_example' build argument 'catkin_skip_building_tests' from command line to 'False'
[0.231s] DEBUG:colcon.colcon_core.verb:Building package 'turtlebot3_example' with the following arguments: {'ament_cmake_args': None, 'build_base': '/home/pranav/ros2_ws/build/turtlebot3_example', 'catkin_cmake_args': None, 'catkin_skip_building_tests': False, 'cmake_args': None, 'cmake_clean_cache': False, 'cmake_clean_first': False, 'cmake_force_configure': False, 'cmake_target': None, 'cmake_target_skip_unavailable': False, 'install_base': '/home/pranav/ros2_ws/install/turtlebot3_example', 'merge_install': False, 'path': '/home/pranav/ros2_ws/src/turtlebot3/turtlebot3_example', 'symlink_install': False, 'test_result_base': None}
[0.231s] Level 5:colcon.colcon_core.verb:set package 'turtlebot3_navigation2' build argument 'cmake_args' from command line to 'None'
[0.231s] Level 5:colcon.colcon_core.verb:set package 'turtlebot3_navigation2' build argument 'cmake_target' from command line to 'None'
[0.231s] Level 5:colcon.colcon_core.verb:set package 'turtlebot3_navigation2' build argument 'cmake_target_skip_unavailable' from command line to 'False'
[0.231s] Level 5:colcon.colcon_core.verb:set package 'turtlebot3_navigation2' build argument 'cmake_clean_cache' from command line to 'False'
[0.231s] Level 5:colcon.colcon_core.verb:set package 'turtlebot3_navigation2' build argument 'cmake_clean_first' from command line to 'False'
[0.231s] Level 5:colcon.colcon_core.verb:set package 'turtlebot3_navigation2' build argument 'cmake_force_configure' from command line to 'False'
[0.231s] Level 5:colcon.colcon_core.verb:set package 'turtlebot3_navigation2' build argument 'ament_cmake_args' from command line to 'None'
[0.231s] Level 5:colcon.colcon_core.verb:set package 'turtlebot3_navigation2' build argument 'catkin_cmake_args' from command line to 'None'
[0.231s] Level 5:colcon.colcon_core.verb:set package 'turtlebot3_navigation2' build argument 'catkin_skip_building_tests' from command line to 'False'
[0.231s] DEBUG:colcon.colcon_core.verb:Building package 'turtlebot3_navigation2' with the following arguments: {'ament_cmake_args': None, 'build_base': '/home/pranav/ros2_ws/build/turtlebot3_navigation2', 'catkin_cmake_args': None, 'catkin_skip_building_tests': False, 'cmake_args': None, 'cmake_clean_cache': False, 'cmake_clean_first': False, 'cmake_force_configure': False, 'cmake_target': None, 'cmake_target_skip_unavailable': False, 'install_base': '/home/pranav/ros2_ws/install/turtlebot3_navigation2', 'merge_install': False, 'path': '/home/pranav/ros2_ws/src/turtlebot3/turtlebot3_navigation2', 'symlink_install': False, 'test_result_base': None}
[0.231s] Level 5:colcon.colcon_core.verb:set package 'turtlebot3_node' build argument 'cmake_args' from command line to 'None'
[0.231s] Level 5:colcon.colcon_core.verb:set package 'turtlebot3_node' build argument 'cmake_target' from command line to 'None'
[0.231s] Level 5:colcon.colcon_core.verb:set package 'turtlebot3_node' build argument 'cmake_target_skip_unavailable' from command line to 'False'
[0.231s] Level 5:colcon.colcon_core.verb:set package 'turtlebot3_node' build argument 'cmake_clean_cache' from command line to 'False'
[0.231s] Level 5:colcon.colcon_core.verb:set package 'turtlebot3_node' build argument 'cmake_clean_first' from command line to 'False'
[0.231s] Level 5:colcon.colcon_core.verb:set package 'turtlebot3_node' build argument 'cmake_force_configure' from command line to 'False'
[0.231s] Level 5:colcon.colcon_core.verb:set package 'turtlebot3_node' build argument 'ament_cmake_args' from command line to 'None'
[0.231s] Level 5:colcon.colcon_core.verb:set package 'turtlebot3_node' build argument 'catkin_cmake_args' from command line to 'None'
[0.231s] Level 5:colcon.colcon_core.verb:set package 'turtlebot3_node' build argument 'catkin_skip_building_tests' from command line to 'False'
[0.231s] DEBUG:colcon.colcon_core.verb:Building package 'turtlebot3_node' with the following arguments: {'ament_cmake_args': None, 'build_base': '/home/pranav/ros2_ws/build/turtlebot3_node', 'catkin_cmake_args': None, 'catkin_skip_building_tests': False, 'cmake_args': None, 'cmake_clean_cache': False, 'cmake_clean_first': False, 'cmake_force_configure': False, 'cmake_target': None, 'cmake_target_skip_unavailable': False, 'install_base': '/home/pranav/ros2_ws/install/turtlebot3_node', 'merge_install': False, 'path': '/home/pranav/ros2_ws/src/turtlebot3/turtlebot3_node', 'symlink_install': False, 'test_result_base': None}
[0.231s] Level 5:colcon.colcon_core.verb:set package 'turtlebot3_teleop' build argument 'cmake_args' from command line to 'None'
[0.231s] Level 5:colcon.colcon_core.verb:set package 'turtlebot3_teleop' build argument 'cmake_target' from command line to 'None'
[0.231s] Level 5:colcon.colcon_core.verb:set package 'turtlebot3_teleop' build argument 'cmake_target_skip_unavailable' from command line to 'False'
[0.231s] Level 5:colcon.colcon_core.verb:set package 'turtlebot3_teleop' build argument 'cmake_clean_cache' from command line to 'False'
[0.231s] Level 5:colcon.colcon_core.verb:set package 'turtlebot3_teleop' build argument 'cmake_clean_first' from command line to 'False'
[0.231s] Level 5:colcon.colcon_core.verb:set package 'turtlebot3_teleop' build argument 'cmake_force_configure' from command line to 'False'
[0.231s] Level 5:colcon.colcon_core.verb:set package 'turtlebot3_teleop' build argument 'ament_cmake_args' from command line to 'None'
[0.231s] Level 5:colcon.colcon_core.verb:set package 'turtlebot3_teleop' build argument 'catkin_cmake_args' from command line to 'None'
[0.231s] Level 5:colcon.colcon_core.verb:set package 'turtlebot3_teleop' build argument 'catkin_skip_building_tests' from command line to 'False'
[0.231s] DEBUG:colcon.colcon_core.verb:Building package 'turtlebot3_teleop' with the following arguments: {'ament_cmake_args': None, 'build_base': '/home/pranav/ros2_ws/build/turtlebot3_teleop', 'catkin_cmake_args': None, 'catkin_skip_building_tests': False, 'cmake_args': None, 'cmake_clean_cache': False, 'cmake_clean_first': False, 'cmake_force_configure': False, 'cmake_target': None, 'cmake_target_skip_unavailable': False, 'install_base': '/home/pranav/ros2_ws/install/turtlebot3_teleop', 'merge_install': False, 'path': '/home/pranav/ros2_ws/src/turtlebot3/turtlebot3_teleop', 'symlink_install': False, 'test_result_base': None}
[0.231s] Level 5:colcon.colcon_core.verb:set package 'turtlebot3_bringup' build argument 'cmake_args' from command line to 'None'
[0.231s] Level 5:colcon.colcon_core.verb:set package 'turtlebot3_bringup' build argument 'cmake_target' from command line to 'None'
[0.231s] Level 5:colcon.colcon_core.verb:set package 'turtlebot3_bringup' build argument 'cmake_target_skip_unavailable' from command line to 'False'
[0.231s] Level 5:colcon.colcon_core.verb:set package 'turtlebot3_bringup' build argument 'cmake_clean_cache' from command line to 'False'
[0.231s] Level 5:colcon.colcon_core.verb:set package 'turtlebot3_bringup' build argument 'cmake_clean_first' from command line to 'False'
[0.231s] Level 5:colcon.colcon_core.verb:set package 'turtlebot3_bringup' build argument 'cmake_force_configure' from command line to 'False'
[0.231s] Level 5:colcon.colcon_core.verb:set package 'turtlebot3_bringup' build argument 'ament_cmake_args' from command line to 'None'
[0.231s] Level 5:colcon.colcon_core.verb:set package 'turtlebot3_bringup' build argument 'catkin_cmake_args' from command line to 'None'
[0.231s] Level 5:colcon.colcon_core.verb:set package 'turtlebot3_bringup' build argument 'catkin_skip_building_tests' from command line to 'False'
[0.231s] DEBUG:colcon.colcon_core.verb:Building package 'turtlebot3_bringup' with the following arguments: {'ament_cmake_args': None, 'build_base': '/home/pranav/ros2_ws/build/turtlebot3_bringup', 'catkin_cmake_args': None, 'catkin_skip_building_tests': False, 'cmake_args': None, 'cmake_clean_cache': False, 'cmake_clean_first': False, 'cmake_force_configure': False, 'cmake_target': None, 'cmake_target_skip_unavailable': False, 'install_base': '/home/pranav/ros2_ws/install/turtlebot3_bringup', 'merge_install': False, 'path': '/home/pranav/ros2_ws/src/turtlebot3/turtlebot3_bringup', 'symlink_install': False, 'test_result_base': None}
[0.232s] Level 5:colcon.colcon_core.verb:set package 'turtlebot3' build argument 'cmake_args' from command line to 'None'
[0.232s] Level 5:colcon.colcon_core.verb:set package 'turtlebot3' build argument 'cmake_target' from command line to 'None'
[0.232s] Level 5:colcon.colcon_core.verb:set package 'turtlebot3' build argument 'cmake_target_skip_unavailable' from command line to 'False'
[0.232s] Level 5:colcon.colcon_core.verb:set package 'turtlebot3' build argument 'cmake_clean_cache' from command line to 'False'
[0.232s] Level 5:colcon.colcon_core.verb:set package 'turtlebot3' build argument 'cmake_clean_first' from command line to 'False'
[0.232s] Level 5:colcon.colcon_core.verb:set package 'turtlebot3' build argument 'cmake_force_configure' from command line to 'False'
[0.232s] Level 5:colcon.colcon_core.verb:set package 'turtlebot3' build argument 'ament_cmake_args' from command line to 'None'
[0.232s] Level 5:colcon.colcon_core.verb:set package 'turtlebot3' build argument 'catkin_cmake_args' from command line to 'None'
[0.232s] Level 5:colcon.colcon_core.verb:set package 'turtlebot3' build argument 'catkin_skip_building_tests' from command line to 'False'
[0.232s] DEBUG:colcon.colcon_core.verb:Building package 'turtlebot3' with the following arguments: {'ament_cmake_args': None, 'build_base': '/home/pranav/ros2_ws/build/turtlebot3', 'catkin_cmake_args': None, 'catkin_skip_building_tests': False, 'cmake_args': None, 'cmake_clean_cache': False, 'cmake_clean_first': False, 'cmake_force_configure': False, 'cmake_target': None, 'cmake_target_skip_unavailable': False, 'install_base': '/home/pranav/ros2_ws/install/turtlebot3', 'merge_install': False, 'path': '/home/pranav/ros2_ws/src/turtlebot3/turtlebot3', 'symlink_install': False, 'test_result_base': None}
[0.232s] INFO:colcon.colcon_core.executor:Executing jobs using 'parallel' executor
[0.232s] DEBUG:colcon.colcon_parallel_executor.executor.parallel:run_until_complete
[0.232s] INFO:colcon.colcon_ros.task.ament_cmake.build:Building ROS package in '/home/pranav/ros2_ws/src/turtlebot3/turtlebot3_description' with build type 'ament_cmake'
[0.232s] INFO:colcon.colcon_cmake.task.cmake.build:Building CMake package in '/home/pranav/ros2_ws/src/turtlebot3/turtlebot3_description'
[0.234s] INFO:colcon.colcon_core.plugin_system:Skipping extension 'colcon_core.shell.bat': Not used on non-Windows systems
[0.234s] INFO:colcon.colcon_core.shell:Skip shell extension 'powershell' for command environment: Not usable outside of PowerShell
[0.234s] DEBUG:colcon.colcon_core.shell:Skip shell extension 'dsv' for command environment
[0.236s] INFO:colcon.colcon_ros.task.ament_cmake.build:Building ROS package in '/home/pranav/ros2_ws/src/turtlebot3/turtlebot3_node' with build type 'ament_cmake'
[0.236s] INFO:colcon.colcon_cmake.task.cmake.build:Building CMake package in '/home/pranav/ros2_ws/src/turtlebot3/turtlebot3_node'
[0.236s] INFO:colcon.colcon_core.shell:Skip shell extension 'powershell' for command environment: Not usable outside of PowerShell
[0.236s] DEBUG:colcon.colcon_core.shell:Skip shell extension 'dsv' for command environment
[0.238s] INFO:colcon.colcon_ros.task.ament_cmake.build:Building ROS package in '/home/pranav/ros2_ws/src/turtlebot3/turtlebot3_cartographer' with build type 'ament_cmake'
[0.239s] INFO:colcon.colcon_cmake.task.cmake.build:Building CMake package in '/home/pranav/ros2_ws/src/turtlebot3/turtlebot3_cartographer'
[0.239s] INFO:colcon.colcon_core.shell:Skip shell extension 'powershell' for command environment: Not usable outside of PowerShell
[0.239s] DEBUG:colcon.colcon_core.shell:Skip shell extension 'dsv' for command environment
[0.241s] INFO:colcon.colcon_ros.task.ament_python.build:Building ROS package in '/home/pranav/ros2_ws/src/turtlebot3/turtlebot3_example' with build type 'ament_python'
[0.241s] Level 1:colcon.colcon_core.shell:create_environment_hook('turtlebot3_example', 'ament_prefix_path')
[0.241s] INFO:colcon.colcon_core.shell:Creating environment hook '/home/pranav/ros2_ws/install/turtlebot3_example/share/turtlebot3_example/hook/ament_prefix_path.ps1'
[0.242s] INFO:colcon.colcon_core.shell:Creating environment descriptor '/home/pranav/ros2_ws/install/turtlebot3_example/share/turtlebot3_example/hook/ament_prefix_path.dsv'
[0.242s] INFO:colcon.colcon_core.shell:Creating environment hook '/home/pranav/ros2_ws/install/turtlebot3_example/share/turtlebot3_example/hook/ament_prefix_path.sh'
[0.242s] INFO:colcon.colcon_core.shell:Skip shell extension 'powershell' for command environment: Not usable outside of PowerShell
[0.242s] DEBUG:colcon.colcon_core.shell:Skip shell extension 'dsv' for command environment
[0.247s] DEBUG:colcon.colcon_core.event_handler.log_command:Invoking command in '/home/pranav/ros2_ws/build/turtlebot3_description': CMAKE_PREFIX_PATH=${CMAKE_PREFIX_PATH}:/home/pranav/ros2_ws/install/landmark_detector_pkg:/home/pranav/ros2_ws/install/erc:/opt/ros/foxy /usr/bin/cmake /home/pranav/ros2_ws/src/turtlebot3/turtlebot3_description -DCMAKE_INSTALL_PREFIX=/home/pranav/ros2_ws/install/turtlebot3_description
[0.249s] DEBUG:colcon.colcon_core.event_handler.log_command:Invoking command in '/home/pranav/ros2_ws/build/turtlebot3_node': CMAKE_PREFIX_PATH=${CMAKE_PREFIX_PATH}:/home/pranav/ros2_ws/install/landmark_detector_pkg:/home/pranav/ros2_ws/install/erc:/opt/ros/foxy /usr/bin/cmake /home/pranav/ros2_ws/src/turtlebot3/turtlebot3_node -DCMAKE_INSTALL_PREFIX=/home/pranav/ros2_ws/install/turtlebot3_node
[0.251s] DEBUG:colcon.colcon_core.event_handler.log_command:Invoking command in '/home/pranav/ros2_ws/build/turtlebot3_cartographer': CMAKE_PREFIX_PATH=${CMAKE_PREFIX_PATH}:/home/pranav/ros2_ws/install/landmark_detector_pkg:/home/pranav/ros2_ws/install/erc:/opt/ros/foxy /usr/bin/cmake /home/pranav/ros2_ws/src/turtlebot3/turtlebot3_cartographer -DCMAKE_INSTALL_PREFIX=/home/pranav/ros2_ws/install/turtlebot3_cartographer
[0.376s] INFO:colcon.colcon_core.task.python.build:Building Python package in '/home/pranav/ros2_ws/src/turtlebot3/turtlebot3_example'
[0.377s] INFO:colcon.colcon_core.shell:Skip shell extension 'powershell' for command environment: Not usable outside of PowerShell
[0.377s] DEBUG:colcon.colcon_core.shell:Skip shell extension 'dsv' for command environment
[0.577s] DEBUG:colcon.colcon_core.event_handler.log_command:Invoking command in '/home/pranav/ros2_ws/src/turtlebot3/turtlebot3_example': PYTHONPATH=/home/pranav/ros2_ws/build/turtlebot3_example/prefix_override:/usr/lib/python3/dist-packages/colcon_core/task/python/colcon_distutils_commands:/home/pranav/ros2_ws/install/turtlebot3_example/lib/python3.8/site-packages:${PYTHONPATH} /usr/bin/python3 -W ignore:setup.py install is deprecated -W ignore:easy_install command is deprecated setup.py egg_info --egg-base ../../../build/turtlebot3_example build --build-base /home/pranav/ros2_ws/build/turtlebot3_example/build install --record /home/pranav/ros2_ws/build/turtlebot3_example/install.log --single-version-externally-managed install_data
[0.744s] Level 1:colcon.colcon_core.environment:checking '/home/pranav/ros2_ws/install/turtlebot3_example' for CMake module files
[0.744s] Level 1:colcon.colcon_core.environment:checking '/home/pranav/ros2_ws/install/turtlebot3_example' for CMake config files
[0.745s] Level 1:colcon.colcon_core.environment:checking '/home/pranav/ros2_ws/install/turtlebot3_example/lib'
[0.745s] Level 1:colcon.colcon_core.environment:checking '/home/pranav/ros2_ws/install/turtlebot3_example/bin'
[0.745s] Level 1:colcon.colcon_core.environment:checking '/home/pranav/ros2_ws/install/turtlebot3_example/lib/pkgconfig/turtlebot3_example.pc'
[0.745s] Level 1:colcon.colcon_core.environment:checking '/home/pranav/ros2_ws/install/turtlebot3_example/lib/python3.8/site-packages'
[0.745s] Level 1:colcon.colcon_core.shell:create_environment_hook('turtlebot3_example', 'pythonpath')
[0.746s] INFO:colcon.colcon_core.shell:Creating environment hook '/home/pranav/ros2_ws/install/turtlebot3_example/share/turtlebot3_example/hook/pythonpath.ps1'
[0.746s] INFO:colcon.colcon_core.shell:Creating environment descriptor '/home/pranav/ros2_ws/install/turtlebot3_example/share/turtlebot3_example/hook/pythonpath.dsv'
[0.746s] INFO:colcon.colcon_core.shell:Creating environment hook '/home/pranav/ros2_ws/install/turtlebot3_example/share/turtlebot3_example/hook/pythonpath.sh'
[0.746s] Level 1:colcon.colcon_core.environment:checking '/home/pranav/ros2_ws/install/turtlebot3_example/bin'
[0.746s] Level 1:colcon.colcon_core.environment:create_environment_scripts_only(turtlebot3_example)
[0.746s] INFO:colcon.colcon_core.shell:Creating package script '/home/pranav/ros2_ws/install/turtlebot3_example/share/turtlebot3_example/package.ps1'
[0.748s] DEBUG:colcon.colcon_core.event_handler.log_command:Invoked command in '/home/pranav/ros2_ws/src/turtlebot3/turtlebot3_example' returned '0': PYTHONPATH=/home/pranav/ros2_ws/build/turtlebot3_example/prefix_override:/usr/lib/python3/dist-packages/colcon_core/task/python/colcon_distutils_commands:/home/pranav/ros2_ws/install/turtlebot3_example/lib/python3.8/site-packages:${PYTHONPATH} /usr/bin/python3 -W ignore:setup.py install is deprecated -W ignore:easy_install command is deprecated setup.py egg_info --egg-base ../../../build/turtlebot3_example build --build-base /home/pranav/ros2_ws/build/turtlebot3_example/build install --record /home/pranav/ros2_ws/build/turtlebot3_example/install.log --single-version-externally-managed install_data
[0.749s] INFO:colcon.colcon_core.shell:Creating package descriptor '/home/pranav/ros2_ws/install/turtlebot3_example/share/turtlebot3_example/package.dsv'
[0.749s] INFO:colcon.colcon_core.shell:Creating package script '/home/pranav/ros2_ws/install/turtlebot3_example/share/turtlebot3_example/package.sh'
[0.750s] INFO:colcon.colcon_core.shell:Creating package script '/home/pranav/ros2_ws/install/turtlebot3_example/share/turtlebot3_example/package.bash'
[0.750s] INFO:colcon.colcon_core.shell:Creating package script '/home/pranav/ros2_ws/install/turtlebot3_example/share/turtlebot3_example/package.zsh'
[0.762s] Level 1:colcon.colcon_core.environment:create_file_with_runtime_dependencies(/home/pranav/ros2_ws/install/turtlebot3_example/share/colcon-core/packages/turtlebot3_example)
[0.762s] INFO:colcon.colcon_ros.task.ament_cmake.build:Building ROS package in '/home/pranav/ros2_ws/src/turtlebot3/turtlebot3_navigation2' with build type 'ament_cmake'
[0.763s] INFO:colcon.colcon_cmake.task.cmake.build:Building CMake package in '/home/pranav/ros2_ws/src/turtlebot3/turtlebot3_navigation2'
[0.763s] INFO:colcon.colcon_core.shell:Skip shell extension 'powershell' for command environment: Not usable outside of PowerShell
[0.763s] DEBUG:colcon.colcon_core.shell:Skip shell extension 'dsv' for command environment
[0.785s] DEBUG:colcon.colcon_core.event_handler.log_command:Invoking command in '/home/pranav/ros2_ws/build/turtlebot3_navigation2': CMAKE_PREFIX_PATH=${CMAKE_PREFIX_PATH}:/home/pranav/ros2_ws/install/landmark_detector_pkg:/home/pranav/ros2_ws/install/erc:/opt/ros/foxy /usr/bin/cmake /home/pranav/ros2_ws/src/turtlebot3/turtlebot3_navigation2 -DCMAKE_INSTALL_PREFIX=/home/pranav/ros2_ws/install/turtlebot3_navigation2
[0.801s] DEBUG:colcon.colcon_core.event_handler.log_command:Invoked command in '/home/pranav/ros2_ws/build/turtlebot3_cartographer' returned '0': CMAKE_PREFIX_PATH=${CMAKE_PREFIX_PATH}:/home/pranav/ros2_ws/install/landmark_detector_pkg:/home/pranav/ros2_ws/install/erc:/opt/ros/foxy /usr/bin/cmake /home/pranav/ros2_ws/src/turtlebot3/turtlebot3_cartographer -DCMAKE_INSTALL_PREFIX=/home/pranav/ros2_ws/install/turtlebot3_cartographer
[0.803s] DEBUG:colcon.colcon_core.event_handler.log_command:Invoking command in '/home/pranav/ros2_ws/build/turtlebot3_cartographer': CMAKE_PREFIX_PATH=${CMAKE_PREFIX_PATH}:/home/pranav/ros2_ws/install/landmark_detector_pkg:/home/pranav/ros2_ws/install/erc:/opt/ros/foxy /usr/bin/cmake --build /home/pranav/ros2_ws/build/turtlebot3_cartographer -- -j4 -l4
[0.805s] DEBUG:colcon.colcon_core.event_handler.log_command:Invoked command in '/home/pranav/ros2_ws/build/turtlebot3_description' returned '0': CMAKE_PREFIX_PATH=${CMAKE_PREFIX_PATH}:/home/pranav/ros2_ws/install/landmark_detector_pkg:/home/pranav/ros2_ws/install/erc:/opt/ros/foxy /usr/bin/cmake /home/pranav/ros2_ws/src/turtlebot3/turtlebot3_description -DCMAKE_INSTALL_PREFIX=/home/pranav/ros2_ws/install/turtlebot3_description
[0.806s] DEBUG:colcon.colcon_core.event_handler.log_command:Invoking command in '/home/pranav/ros2_ws/build/turtlebot3_description': CMAKE_PREFIX_PATH=${CMAKE_PREFIX_PATH}:/home/pranav/ros2_ws/install/landmark_detector_pkg:/home/pranav/ros2_ws/install/erc:/opt/ros/foxy /usr/bin/cmake --build /home/pranav/ros2_ws/build/turtlebot3_description -- -j4 -l4
[0.843s] DEBUG:colcon.colcon_core.event_handler.log_command:Invoked command in '/home/pranav/ros2_ws/build/turtlebot3_description' returned '0': CMAKE_PREFIX_PATH=${CMAKE_PREFIX_PATH}:/home/pranav/ros2_ws/install/landmark_detector_pkg:/home/pranav/ros2_ws/install/erc:/opt/ros/foxy /usr/bin/cmake --build /home/pranav/ros2_ws/build/turtlebot3_description -- -j4 -l4
[0.858s] DEBUG:colcon.colcon_core.event_handler.log_command:Invoking command in '/home/pranav/ros2_ws/build/turtlebot3_description': CMAKE_PREFIX_PATH=${CMAKE_PREFIX_PATH}:/home/pranav/ros2_ws/install/landmark_detector_pkg:/home/pranav/ros2_ws/install/erc:/opt/ros/foxy /usr/bin/cmake --install /home/pranav/ros2_ws/build/turtlebot3_description
[0.863s] DEBUG:colcon.colcon_core.event_handler.log_command:Invoked command in '/home/pranav/ros2_ws/build/turtlebot3_cartographer' returned '0': CMAKE_PREFIX_PATH=${CMAKE_PREFIX_PATH}:/home/pranav/ros2_ws/install/landmark_detector_pkg:/home/pranav/ros2_ws/install/erc:/opt/ros/foxy /usr/bin/cmake --build /home/pranav/ros2_ws/build/turtlebot3_cartographer -- -j4 -l4
[0.865s] DEBUG:colcon.colcon_core.event_handler.log_command:Invoking command in '/home/pranav/ros2_ws/build/turtlebot3_cartographer': CMAKE_PREFIX_PATH=${CMAKE_PREFIX_PATH}:/home/pranav/ros2_ws/install/landmark_detector_pkg:/home/pranav/ros2_ws/install/erc:/opt/ros/foxy /usr/bin/cmake --install /home/pranav/ros2_ws/build/turtlebot3_cartographer
[0.875s] Level 1:colcon.colcon_core.environment:create_environment_scripts_only(turtlebot3_cartographer)
[0.875s] Level 1:colcon.colcon_core.environment:checking '/home/pranav/ros2_ws/install/turtlebot3_cartographer' for CMake module files
[0.875s] DEBUG:colcon.colcon_core.event_handler.log_command:Invoked command in '/home/pranav/ros2_ws/build/turtlebot3_cartographer' returned '0': CMAKE_PREFIX_PATH=${CMAKE_PREFIX_PATH}:/home/pranav/ros2_ws/install/landmark_detector_pkg:/home/pranav/ros2_ws/install/erc:/opt/ros/foxy /usr/bin/cmake --install /home/pranav/ros2_ws/build/turtlebot3_cartographer
[0.876s] Level 1:colcon.colcon_core.environment:checking '/home/pranav/ros2_ws/install/turtlebot3_cartographer' for CMake config files
[0.876s] Level 1:colcon.colcon_core.shell:create_environment_hook('turtlebot3_cartographer', 'cmake_prefix_path')
[0.876s] INFO:colcon.colcon_core.shell:Creating environment hook '/home/pranav/ros2_ws/install/turtlebot3_cartographer/share/turtlebot3_cartographer/hook/cmake_prefix_path.ps1'
[0.876s] INFO:colcon.colcon_core.shell:Creating environment descriptor '/home/pranav/ros2_ws/install/turtlebot3_cartographer/share/turtlebot3_cartographer/hook/cmake_prefix_path.dsv'
[0.876s] INFO:colcon.colcon_core.shell:Creating environment hook '/home/pranav/ros2_ws/install/turtlebot3_cartographer/share/turtlebot3_cartographer/hook/cmake_prefix_path.sh'
[0.877s] Level 1:colcon.colcon_core.environment:checking '/home/pranav/ros2_ws/install/turtlebot3_cartographer/bin'
[0.877s] Level 1:colcon.colcon_core.environment:checking '/home/pranav/ros2_ws/install/turtlebot3_cartographer/lib/pkgconfig/turtlebot3_cartographer.pc'
[0.877s] Level 1:colcon.colcon_core.environment:checking '/home/pranav/ros2_ws/install/turtlebot3_cartographer/lib/python3.8/site-packages'
[0.877s] Level 1:colcon.colcon_core.environment:checking '/home/pranav/ros2_ws/install/turtlebot3_cartographer/bin'
[0.877s] INFO:colcon.colcon_core.shell:Creating package script '/home/pranav/ros2_ws/install/turtlebot3_cartographer/share/turtlebot3_cartographer/package.ps1'
[0.877s] INFO:colcon.colcon_core.shell:Creating package descriptor '/home/pranav/ros2_ws/install/turtlebot3_cartographer/share/turtlebot3_cartographer/package.dsv'
[0.878s] INFO:colcon.colcon_core.shell:Creating package script '/home/pranav/ros2_ws/install/turtlebot3_cartographer/share/turtlebot3_cartographer/package.sh'
[0.878s] INFO:colcon.colcon_core.shell:Creating package script '/home/pranav/ros2_ws/install/turtlebot3_cartographer/share/turtlebot3_cartographer/package.bash'
[0.878s] INFO:colcon.colcon_core.shell:Creating package script '/home/pranav/ros2_ws/install/turtlebot3_cartographer/share/turtlebot3_cartographer/package.zsh'
[0.878s] Level 1:colcon.colcon_core.environment:create_file_with_runtime_dependencies(/home/pranav/ros2_ws/install/turtlebot3_cartographer/share/colcon-core/packages/turtlebot3_cartographer)
[0.878s] Level 1:colcon.colcon_core.environment:create_environment_scripts_only(turtlebot3_cartographer)
[0.878s] Level 1:colcon.colcon_core.environment:checking '/home/pranav/ros2_ws/install/turtlebot3_cartographer' for CMake module files
[0.878s] Level 1:colcon.colcon_core.environment:checking '/home/pranav/ros2_ws/install/turtlebot3_cartographer' for CMake config files
[0.879s] Level 1:colcon.colcon_core.shell:create_environment_hook('turtlebot3_cartographer', 'cmake_prefix_path')
[0.879s] INFO:colcon.colcon_core.shell:Creating environment hook '/home/pranav/ros2_ws/install/turtlebot3_cartographer/share/turtlebot3_cartographer/hook/cmake_prefix_path.ps1'
[0.879s] INFO:colcon.colcon_core.shell:Creating environment descriptor '/home/pranav/ros2_ws/install/turtlebot3_cartographer/share/turtlebot3_cartographer/hook/cmake_prefix_path.dsv'
[0.879s] INFO:colcon.colcon_core.shell:Creating environment hook '/home/pranav/ros2_ws/install/turtlebot3_cartographer/share/turtlebot3_cartographer/hook/cmake_prefix_path.sh'
[0.879s] Level 1:colcon.colcon_core.environment:checking '/home/pranav/ros2_ws/install/turtlebot3_cartographer/bin'
[0.879s] Level 1:colcon.colcon_core.environment:checking '/home/pranav/ros2_ws/install/turtlebot3_cartographer/lib/pkgconfig/turtlebot3_cartographer.pc'
[0.879s] Level 1:colcon.colcon_core.environment:checking '/home/pranav/ros2_ws/install/turtlebot3_cartographer/lib/python3.8/site-packages'
[0.879s] Level 1:colcon.colcon_core.environment:checking '/home/pranav/ros2_ws/install/turtlebot3_cartographer/bin'
[0.879s] INFO:colcon.colcon_core.shell:Creating package script '/home/pranav/ros2_ws/install/turtlebot3_cartographer/share/turtlebot3_cartographer/package.ps1'
[0.879s] INFO:colcon.colcon_core.shell:Creating package descriptor '/home/pranav/ros2_ws/install/turtlebot3_cartographer/share/turtlebot3_cartographer/package.dsv'
[0.880s] INFO:colcon.colcon_core.shell:Creating package script '/home/pranav/ros2_ws/install/turtlebot3_cartographer/share/turtlebot3_cartographer/package.sh'
[0.880s] INFO:colcon.colcon_core.shell:Creating package script '/home/pranav/ros2_ws/install/turtlebot3_cartographer/share/turtlebot3_cartographer/package.bash'
[0.880s] INFO:colcon.colcon_core.shell:Creating package script '/home/pranav/ros2_ws/install/turtlebot3_cartographer/share/turtlebot3_cartographer/package.zsh'
[0.880s] Level 1:colcon.colcon_core.environment:create_file_with_runtime_dependencies(/home/pranav/ros2_ws/install/turtlebot3_cartographer/share/colcon-core/packages/turtlebot3_cartographer)
[0.880s] INFO:colcon.colcon_ros.task.ament_python.build:Building ROS package in '/home/pranav/ros2_ws/src/turtlebot3/turtlebot3_teleop' with build type 'ament_python'
[0.880s] Level 1:colcon.colcon_core.shell:create_environment_hook('turtlebot3_teleop', 'ament_prefix_path')
[0.880s] INFO:colcon.colcon_core.shell:Creating environment hook '/home/pranav/ros2_ws/install/turtlebot3_teleop/share/turtlebot3_teleop/hook/ament_prefix_path.ps1'
[0.881s] INFO:colcon.colcon_core.shell:Creating environment descriptor '/home/pranav/ros2_ws/install/turtlebot3_teleop/share/turtlebot3_teleop/hook/ament_prefix_path.dsv'
[0.881s] INFO:colcon.colcon_core.shell:Creating environment hook '/home/pranav/ros2_ws/install/turtlebot3_teleop/share/turtlebot3_teleop/hook/ament_prefix_path.sh'
[0.881s] INFO:colcon.colcon_core.shell:Skip shell extension 'powershell' for command environment: Not usable outside of PowerShell
[0.881s] DEBUG:colcon.colcon_core.shell:Skip shell extension 'dsv' for command environment
[0.996s] INFO:colcon.colcon_core.task.python.build:Building Python package in '/home/pranav/ros2_ws/src/turtlebot3/turtlebot3_teleop'
[0.996s] INFO:colcon.colcon_core.shell:Skip shell extension 'powershell' for command environment: Not usable outside of PowerShell
[0.996s] DEBUG:colcon.colcon_core.shell:Skip shell extension 'dsv' for command environment
[0.999s] Level 1:colcon.colcon_core.environment:create_environment_scripts_only(turtlebot3_description)
[0.999s] Level 1:colcon.colcon_core.environment:checking '/home/pranav/ros2_ws/install/turtlebot3_description' for CMake module files
[1.000s] DEBUG:colcon.colcon_core.event_handler.log_command:Invoked command in '/home/pranav/ros2_ws/build/turtlebot3_description' returned '0': CMAKE_PREFIX_PATH=${CMAKE_PREFIX_PATH}:/home/pranav/ros2_ws/install/landmark_detector_pkg:/home/pranav/ros2_ws/install/erc:/opt/ros/foxy /usr/bin/cmake --install /home/pranav/ros2_ws/build/turtlebot3_description
[1.000s] Level 1:colcon.colcon_core.environment:checking '/home/pranav/ros2_ws/install/turtlebot3_description' for CMake config files
[1.000s] Level 1:colcon.colcon_core.shell:create_environment_hook('turtlebot3_description', 'cmake_prefix_path')
[1.000s] INFO:colcon.colcon_core.shell:Creating environment hook '/home/pranav/ros2_ws/install/turtlebot3_description/share/turtlebot3_description/hook/cmake_prefix_path.ps1'
[1.000s] INFO:colcon.colcon_core.shell:Creating environment descriptor '/home/pranav/ros2_ws/install/turtlebot3_description/share/turtlebot3_description/hook/cmake_prefix_path.dsv'
[1.000s] INFO:colcon.colcon_core.shell:Creating environment hook '/home/pranav/ros2_ws/install/turtlebot3_description/share/turtlebot3_description/hook/cmake_prefix_path.sh'
[1.001s] Level 1:colcon.colcon_core.environment:checking '/home/pranav/ros2_ws/install/turtlebot3_description/bin'
[1.001s] Level 1:colcon.colcon_core.environment:checking '/home/pranav/ros2_ws/install/turtlebot3_description/lib/pkgconfig/turtlebot3_description.pc'
[1.001s] Level 1:colcon.colcon_core.environment:checking '/home/pranav/ros2_ws/install/turtlebot3_description/lib/python3.8/site-packages'
[1.001s] Level 1:colcon.colcon_core.environment:checking '/home/pranav/ros2_ws/install/turtlebot3_description/bin'
[1.001s] INFO:colcon.colcon_core.shell:Creating package script '/home/pranav/ros2_ws/install/turtlebot3_description/share/turtlebot3_description/package.ps1'
[1.001s] INFO:colcon.colcon_core.shell:Creating package descriptor '/home/pranav/ros2_ws/install/turtlebot3_description/share/turtlebot3_description/package.dsv'
[1.001s] INFO:colcon.colcon_core.shell:Creating package script '/home/pranav/ros2_ws/install/turtlebot3_description/share/turtlebot3_description/package.sh'
[1.001s] INFO:colcon.colcon_core.shell:Creating package script '/home/pranav/ros2_ws/install/turtlebot3_description/share/turtlebot3_description/package.bash'
[1.001s] INFO:colcon.colcon_core.shell:Creating package script '/home/pranav/ros2_ws/install/turtlebot3_description/share/turtlebot3_description/package.zsh'
[1.002s] Level 1:colcon.colcon_core.environment:create_file_with_runtime_dependencies(/home/pranav/ros2_ws/install/turtlebot3_description/share/colcon-core/packages/turtlebot3_description)
[1.002s] Level 1:colcon.colcon_core.environment:create_environment_scripts_only(turtlebot3_description)
[1.002s] Level 1:colcon.colcon_core.environment:checking '/home/pranav/ros2_ws/install/turtlebot3_description' for CMake module files
[1.002s] Level 1:colcon.colcon_core.environment:checking '/home/pranav/ros2_ws/install/turtlebot3_description' for CMake config files
[1.002s] Level 1:colcon.colcon_core.shell:create_environment_hook('turtlebot3_description', 'cmake_prefix_path')
[1.002s] INFO:colcon.colcon_core.shell:Creating environment hook '/home/pranav/ros2_ws/install/turtlebot3_description/share/turtlebot3_description/hook/cmake_prefix_path.ps1'
[1.002s] INFO:colcon.colcon_core.shell:Creating environment descriptor '/home/pranav/ros2_ws/install/turtlebot3_description/share/turtlebot3_description/hook/cmake_prefix_path.dsv'
[1.002s] INFO:colcon.colcon_core.shell:Creating environment hook '/home/pranav/ros2_ws/install/turtlebot3_description/share/turtlebot3_description/hook/cmake_prefix_path.sh'
[1.003s] Level 1:colcon.colcon_core.environment:checking '/home/pranav/ros2_ws/install/turtlebot3_description/bin'
[1.003s] Level 1:colcon.colcon_core.environment:checking '/home/pranav/ros2_ws/install/turtlebot3_description/lib/pkgconfig/turtlebot3_description.pc'
[1.003s] Level 1:colcon.colcon_core.environment:checking '/home/pranav/ros2_ws/install/turtlebot3_description/lib/python3.8/site-packages'
[1.003s] Level 1:colcon.colcon_core.environment:checking '/home/pranav/ros2_ws/install/turtlebot3_description/bin'
[1.003s] INFO:colcon.colcon_core.shell:Creating package script '/home/pranav/ros2_ws/install/turtlebot3_description/share/turtlebot3_description/package.ps1'
[1.003s] INFO:colcon.colcon_core.shell:Creating package descriptor '/home/pranav/ros2_ws/install/turtlebot3_description/share/turtlebot3_description/package.dsv'
[1.003s] INFO:colcon.colcon_core.shell:Creating package script '/home/pranav/ros2_ws/install/turtlebot3_description/share/turtlebot3_description/package.sh'
[1.004s] INFO:colcon.colcon_core.shell:Creating package script '/home/pranav/ros2_ws/install/turtlebot3_description/share/turtlebot3_description/package.bash'
[1.004s] INFO:colcon.colcon_core.shell:Creating package script '/home/pranav/ros2_ws/install/turtlebot3_description/share/turtlebot3_description/package.zsh'
[1.004s] Level 1:colcon.colcon_core.environment:create_file_with_runtime_dependencies(/home/pranav/ros2_ws/install/turtlebot3_description/share/colcon-core/packages/turtlebot3_description)
[1.005s] INFO:colcon.colcon_ros.task.ament_python.build:Building ROS package in '/home/pranav/ros2_ws/src/landmark_detector_pkg' with build type 'ament_python'
[1.005s] Level 1:colcon.colcon_core.shell:create_environment_hook('landmark_detector_pkg', 'ament_prefix_path')
[1.005s] INFO:colcon.colcon_core.shell:Creating environment hook '/home/pranav/ros2_ws/install/landmark_detector_pkg/share/landmark_detector_pkg/hook/ament_prefix_path.ps1'
[1.005s] INFO:colcon.colcon_core.shell:Creating environment descriptor '/home/pranav/ros2_ws/install/landmark_detector_pkg/share/landmark_detector_pkg/hook/ament_prefix_path.dsv'
[1.005s] INFO:colcon.colcon_core.shell:Creating environment hook '/home/pranav/ros2_ws/install/landmark_detector_pkg/share/landmark_detector_pkg/hook/ament_prefix_path.sh'
[1.006s] INFO:colcon.colcon_core.shell:Skip shell extension 'powershell' for command environment: Not usable outside of PowerShell
[1.006s] DEBUG:colcon.colcon_core.shell:Skip shell extension 'dsv' for command environment
[1.150s] INFO:colcon.colcon_core.task.python.build:Building Python package in '/home/pranav/ros2_ws/src/landmark_detector_pkg'
[1.151s] INFO:colcon.colcon_core.shell:Skip shell extension 'powershell' for command environment: Not usable outside of PowerShell
[1.151s] DEBUG:colcon.colcon_core.shell:Skip shell extension 'dsv' for command environment
[1.209s] DEBUG:colcon.colcon_core.event_handler.log_command:Invoking command in '/home/pranav/ros2_ws/src/turtlebot3/turtlebot3_teleop': PYTHONPATH=/home/pranav/ros2_ws/build/turtlebot3_teleop/prefix_override:/usr/lib/python3/dist-packages/colcon_core/task/python/colcon_distutils_commands:/home/pranav/ros2_ws/install/turtlebot3_teleop/lib/python3.8/site-packages:${PYTHONPATH} /usr/bin/python3 -W ignore:setup.py install is deprecated -W ignore:easy_install command is deprecated setup.py egg_info --egg-base ../../../build/turtlebot3_teleop build --build-base /home/pranav/ros2_ws/build/turtlebot3_teleop/build install --record /home/pranav/ros2_ws/build/turtlebot3_teleop/install.log --single-version-externally-managed install_data
[1.315s] DEBUG:colcon.colcon_core.event_handler.log_command:Invoked command in '/home/pranav/ros2_ws/build/turtlebot3_navigation2' returned '0': CMAKE_PREFIX_PATH=${CMAKE_PREFIX_PATH}:/home/pranav/ros2_ws/install/landmark_detector_pkg:/home/pranav/ros2_ws/install/erc:/opt/ros/foxy /usr/bin/cmake /home/pranav/ros2_ws/src/turtlebot3/turtlebot3_navigation2 -DCMAKE_INSTALL_PREFIX=/home/pranav/ros2_ws/install/turtlebot3_navigation2
[1.315s] DEBUG:colcon.colcon_core.event_handler.log_command:Invoking command in '/home/pranav/ros2_ws/build/turtlebot3_navigation2': CMAKE_PREFIX_PATH=${CMAKE_PREFIX_PATH}:/home/pranav/ros2_ws/install/landmark_detector_pkg:/home/pranav/ros2_ws/install/erc:/opt/ros/foxy /usr/bin/cmake --build /home/pranav/ros2_ws/build/turtlebot3_navigation2 -- -j4 -l4
[1.359s] DEBUG:colcon.colcon_core.event_handler.log_command:Invoking command in '/home/pranav/ros2_ws/src/landmark_detector_pkg': PYTHONPATH=/home/pranav/ros2_ws/build/landmark_detector_pkg/prefix_override:/usr/lib/python3/dist-packages/colcon_core/task/python/colcon_distutils_commands:/home/pranav/ros2_ws/install/landmark_detector_pkg/lib/python3.8/site-packages:${PYTHONPATH} /usr/bin/python3 -W ignore:setup.py install is deprecated -W ignore:easy_install command is deprecated setup.py egg_info --egg-base ../../build/landmark_detector_pkg build --build-base /home/pranav/ros2_ws/build/landmark_detector_pkg/build install --record /home/pranav/ros2_ws/build/landmark_detector_pkg/install.log --install-scripts $base/lib/landmark_detector_pkg --single-version-externally-managed install_data
[1.370s] Level 1:colcon.colcon_core.environment:checking '/home/pranav/ros2_ws/install/turtlebot3_teleop' for CMake module files
[1.372s] DEBUG:colcon.colcon_core.event_handler.log_command:Invoked command in '/home/pranav/ros2_ws/src/turtlebot3/turtlebot3_teleop' returned '0': PYTHONPATH=/home/pranav/ros2_ws/build/turtlebot3_teleop/prefix_override:/usr/lib/python3/dist-packages/colcon_core/task/python/colcon_distutils_commands:/home/pranav/ros2_ws/install/turtlebot3_teleop/lib/python3.8/site-packages:${PYTHONPATH} /usr/bin/python3 -W ignore:setup.py install is deprecated -W ignore:easy_install command is deprecated setup.py egg_info --egg-base ../../../build/turtlebot3_teleop build --build-base /home/pranav/ros2_ws/build/turtlebot3_teleop/build install --record /home/pranav/ros2_ws/build/turtlebot3_teleop/install.log --single-version-externally-managed install_data
[1.373s] Level 1:colcon.colcon_core.environment:checking '/home/pranav/ros2_ws/install/turtlebot3_teleop' for CMake config files
[1.375s] Level 1:colcon.colcon_core.environment:checking '/home/pranav/ros2_ws/install/turtlebot3_teleop/lib'
[1.375s] Level 1:colcon.colcon_core.environment:checking '/home/pranav/ros2_ws/install/turtlebot3_teleop/bin'
[1.375s] Level 1:colcon.colcon_core.environment:checking '/home/pranav/ros2_ws/install/turtlebot3_teleop/lib/pkgconfig/turtlebot3_teleop.pc'
[1.375s] Level 1:colcon.colcon_core.environment:checking '/home/pranav/ros2_ws/install/turtlebot3_teleop/lib/python3.8/site-packages'
[1.375s] Level 1:colcon.colcon_core.shell:create_environment_hook('turtlebot3_teleop', 'pythonpath')
[1.375s] INFO:colcon.colcon_core.shell:Creating environment hook '/home/pranav/ros2_ws/install/turtlebot3_teleop/share/turtlebot3_teleop/hook/pythonpath.ps1'
[1.375s] INFO:colcon.colcon_core.shell:Creating environment descriptor '/home/pranav/ros2_ws/install/turtlebot3_teleop/share/turtlebot3_teleop/hook/pythonpath.dsv'
[1.375s] INFO:colcon.colcon_core.shell:Creating environment hook '/home/pranav/ros2_ws/install/turtlebot3_teleop/share/turtlebot3_teleop/hook/pythonpath.sh'
[1.376s] Level 1:colcon.colcon_core.environment:checking '/home/pranav/ros2_ws/install/turtlebot3_teleop/bin'
[1.376s] Level 1:colcon.colcon_core.environment:create_environment_scripts_only(turtlebot3_teleop)
[1.376s] INFO:colcon.colcon_core.shell:Creating package script '/home/pranav/ros2_ws/install/turtlebot3_teleop/share/turtlebot3_teleop/package.ps1'
[1.376s] INFO:colcon.colcon_core.shell:Creating package descriptor '/home/pranav/ros2_ws/install/turtlebot3_teleop/share/turtlebot3_teleop/package.dsv'
[1.376s] INFO:colcon.colcon_core.shell:Creating package script '/home/pranav/ros2_ws/install/turtlebot3_teleop/share/turtlebot3_teleop/package.sh'
[1.376s] INFO:colcon.colcon_core.shell:Creating package script '/home/pranav/ros2_ws/install/turtlebot3_teleop/share/turtlebot3_teleop/package.bash'
[1.376s] INFO:colcon.colcon_core.shell:Creating package script '/home/pranav/ros2_ws/install/turtlebot3_teleop/share/turtlebot3_teleop/package.zsh'
[1.377s] Level 1:colcon.colcon_core.environment:create_file_with_runtime_dependencies(/home/pranav/ros2_ws/install/turtlebot3_teleop/share/colcon-core/packages/turtlebot3_teleop)
[1.379s] DEBUG:colcon.colcon_core.event_handler.log_command:Invoked command in '/home/pranav/ros2_ws/build/turtlebot3_navigation2' returned '0': CMAKE_PREFIX_PATH=${CMAKE_PREFIX_PATH}:/home/pranav/ros2_ws/install/landmark_detector_pkg:/home/pranav/ros2_ws/install/erc:/opt/ros/foxy /usr/bin/cmake --build /home/pranav/ros2_ws/build/turtlebot3_navigation2 -- -j4 -l4
[1.379s] DEBUG:colcon.colcon_core.event_handler.log_command:Invoking command in '/home/pranav/ros2_ws/build/turtlebot3_navigation2': CMAKE_PREFIX_PATH=${CMAKE_PREFIX_PATH}:/home/pranav/ros2_ws/install/landmark_detector_pkg:/home/pranav/ros2_ws/install/erc:/opt/ros/foxy /usr/bin/cmake --install /home/pranav/ros2_ws/build/turtlebot3_navigation2
[1.386s] Level 1:colcon.colcon_core.environment:create_environment_scripts_only(turtlebot3_navigation2)
[1.386s] Level 1:colcon.colcon_core.environment:checking '/home/pranav/ros2_ws/install/turtlebot3_navigation2' for CMake module files
[1.388s] DEBUG:colcon.colcon_core.event_handler.log_command:Invoked command in '/home/pranav/ros2_ws/build/turtlebot3_navigation2' returned '0': CMAKE_PREFIX_PATH=${CMAKE_PREFIX_PATH}:/home/pranav/ros2_ws/install/landmark_detector_pkg:/home/pranav/ros2_ws/install/erc:/opt/ros/foxy /usr/bin/cmake --install /home/pranav/ros2_ws/build/turtlebot3_navigation2
[1.388s] Level 1:colcon.colcon_core.environment:checking '/home/pranav/ros2_ws/install/turtlebot3_navigation2' for CMake config files
[1.388s] Level 1:colcon.colcon_core.shell:create_environment_hook('turtlebot3_navigation2', 'cmake_prefix_path')
[1.388s] INFO:colcon.colcon_core.shell:Creating environment hook '/home/pranav/ros2_ws/install/turtlebot3_navigation2/share/turtlebot3_navigation2/hook/cmake_prefix_path.ps1'
[1.388s] INFO:colcon.colcon_core.shell:Creating environment descriptor '/home/pranav/ros2_ws/install/turtlebot3_navigation2/share/turtlebot3_navigation2/hook/cmake_prefix_path.dsv'
[1.389s] INFO:colcon.colcon_core.shell:Creating environment hook '/home/pranav/ros2_ws/install/turtlebot3_navigation2/share/turtlebot3_navigation2/hook/cmake_prefix_path.sh'
[1.389s] Level 1:colcon.colcon_core.environment:checking '/home/pranav/ros2_ws/install/turtlebot3_navigation2/bin'
[1.389s] Level 1:colcon.colcon_core.environment:checking '/home/pranav/ros2_ws/install/turtlebot3_navigation2/lib/pkgconfig/turtlebot3_navigation2.pc'
[1.389s] Level 1:colcon.colcon_core.environment:checking '/home/pranav/ros2_ws/install/turtlebot3_navigation2/lib/python3.8/site-packages'
[1.389s] Level 1:colcon.colcon_core.environment:checking '/home/pranav/ros2_ws/install/turtlebot3_navigation2/bin'
[1.389s] INFO:colcon.colcon_core.shell:Creating package script '/home/pranav/ros2_ws/install/turtlebot3_navigation2/share/turtlebot3_navigation2/package.ps1'
[1.389s] INFO:colcon.colcon_core.shell:Creating package descriptor '/home/pranav/ros2_ws/install/turtlebot3_navigation2/share/turtlebot3_navigation2/package.dsv'
[1.390s] INFO:colcon.colcon_core.shell:Creating package script '/home/pranav/ros2_ws/install/turtlebot3_navigation2/share/turtlebot3_navigation2/package.sh'
[1.390s] INFO:colcon.colcon_core.shell:Creating package script '/home/pranav/ros2_ws/install/turtlebot3_navigation2/share/turtlebot3_navigation2/package.bash'
[1.390s] INFO:colcon.colcon_core.shell:Creating package script '/home/pranav/ros2_ws/install/turtlebot3_navigation2/share/turtlebot3_navigation2/package.zsh'
[1.390s] Level 1:colcon.colcon_core.environment:create_file_with_runtime_dependencies(/home/pranav/ros2_ws/install/turtlebot3_navigation2/share/colcon-core/packages/turtlebot3_navigation2)
[1.390s] Level 1:colcon.colcon_core.environment:create_environment_scripts_only(turtlebot3_navigation2)
[1.390s] Level 1:colcon.colcon_core.environment:checking '/home/pranav/ros2_ws/install/turtlebot3_navigation2' for CMake module files
[1.390s] Level 1:colcon.colcon_core.environment:checking '/home/pranav/ros2_ws/install/turtlebot3_navigation2' for CMake config files
[1.391s] Level 1:colcon.colcon_core.shell:create_environment_hook('turtlebot3_navigation2', 'cmake_prefix_path')
[1.391s] INFO:colcon.colcon_core.shell:Creating environment hook '/home/pranav/ros2_ws/install/turtlebot3_navigation2/share/turtlebot3_navigation2/hook/cmake_prefix_path.ps1'
[1.391s] INFO:colcon.colcon_core.shell:Creating environment descriptor '/home/pranav/ros2_ws/install/turtlebot3_navigation2/share/turtlebot3_navigation2/hook/cmake_prefix_path.dsv'
[1.391s] INFO:colcon.colcon_core.shell:Creating environment hook '/home/pranav/ros2_ws/install/turtlebot3_navigation2/share/turtlebot3_navigation2/hook/cmake_prefix_path.sh'
[1.391s] Level 1:colcon.colcon_core.environment:checking '/home/pranav/ros2_ws/install/turtlebot3_navigation2/bin'
[1.391s] Level 1:colcon.colcon_core.environment:checking '/home/pranav/ros2_ws/install/turtlebot3_navigation2/lib/pkgconfig/turtlebot3_navigation2.pc'
[1.391s] Level 1:colcon.colcon_core.environment:checking '/home/pranav/ros2_ws/install/turtlebot3_navigation2/lib/python3.8/site-packages'
[1.392s] Level 1:colcon.colcon_core.environment:checking '/home/pranav/ros2_ws/install/turtlebot3_navigation2/bin'
[1.392s] INFO:colcon.colcon_core.shell:Creating package script '/home/pranav/ros2_ws/install/turtlebot3_navigation2/share/turtlebot3_navigation2/package.ps1'
[1.392s] INFO:colcon.colcon_core.shell:Creating package descriptor '/home/pranav/ros2_ws/install/turtlebot3_navigation2/share/turtlebot3_navigation2/package.dsv'
[1.392s] INFO:colcon.colcon_core.shell:Creating package script '/home/pranav/ros2_ws/install/turtlebot3_navigation2/share/turtlebot3_navigation2/package.sh'
[1.394s] INFO:colcon.colcon_core.shell:Creating package script '/home/pranav/ros2_ws/install/turtlebot3_navigation2/share/turtlebot3_navigation2/package.bash'
[1.394s] INFO:colcon.colcon_core.shell:Creating package script '/home/pranav/ros2_ws/install/turtlebot3_navigation2/share/turtlebot3_navigation2/package.zsh'
[1.394s] Level 1:colcon.colcon_core.environment:create_file_with_runtime_dependencies(/home/pranav/ros2_ws/install/turtlebot3_navigation2/share/colcon-core/packages/turtlebot3_navigation2)
[1.499s] Level 1:colcon.colcon_core.environment:checking '/home/pranav/ros2_ws/install/landmark_detector_pkg' for CMake module files
[1.499s] DEBUG:colcon.colcon_core.event_handler.log_command:Invoked command in '/home/pranav/ros2_ws/src/landmark_detector_pkg' returned '0': PYTHONPATH=/home/pranav/ros2_ws/build/landmark_detector_pkg/prefix_override:/usr/lib/python3/dist-packages/colcon_core/task/python/colcon_distutils_commands:/home/pranav/ros2_ws/install/landmark_detector_pkg/lib/python3.8/site-packages:${PYTHONPATH} /usr/bin/python3 -W ignore:setup.py install is deprecated -W ignore:easy_install command is deprecated setup.py egg_info --egg-base ../../build/landmark_detector_pkg build --build-base /home/pranav/ros2_ws/build/landmark_detector_pkg/build install --record /home/pranav/ros2_ws/build/landmark_detector_pkg/install.log --install-scripts $base/lib/landmark_detector_pkg --single-version-externally-managed install_data
[1.500s] Level 1:colcon.colcon_core.environment:checking '/home/pranav/ros2_ws/install/landmark_detector_pkg' for CMake config files
[1.500s] Level 1:colcon.colcon_core.environment:checking '/home/pranav/ros2_ws/install/landmark_detector_pkg/lib'
[1.500s] Level 1:colcon.colcon_core.environment:checking '/home/pranav/ros2_ws/install/landmark_detector_pkg/bin'
[1.500s] Level 1:colcon.colcon_core.environment:checking '/home/pranav/ros2_ws/install/landmark_detector_pkg/lib/pkgconfig/landmark_detector_pkg.pc'
[1.500s] Level 1:colcon.colcon_core.environment:checking '/home/pranav/ros2_ws/install/landmark_detector_pkg/lib/python3.8/site-packages'
[1.500s] Level 1:colcon.colcon_core.shell:create_environment_hook('landmark_detector_pkg', 'pythonpath')
[1.500s] INFO:colcon.colcon_core.shell:Creating environment hook '/home/pranav/ros2_ws/install/landmark_detector_pkg/share/landmark_detector_pkg/hook/pythonpath.ps1'
[1.500s] INFO:colcon.colcon_core.shell:Creating environment descriptor '/home/pranav/ros2_ws/install/landmark_detector_pkg/share/landmark_detector_pkg/hook/pythonpath.dsv'
[1.500s] INFO:colcon.colcon_core.shell:Creating environment hook '/home/pranav/ros2_ws/install/landmark_detector_pkg/share/landmark_detector_pkg/hook/pythonpath.sh'
[1.501s] Level 1:colcon.colcon_core.environment:checking '/home/pranav/ros2_ws/install/landmark_detector_pkg/bin'
[1.501s] Level 1:colcon.colcon_core.environment:create_environment_scripts_only(landmark_detector_pkg)
[1.501s] INFO:colcon.colcon_core.shell:Creating package script '/home/pranav/ros2_ws/install/landmark_detector_pkg/share/landmark_detector_pkg/package.ps1'
[1.501s] INFO:colcon.colcon_core.shell:Creating package descriptor '/home/pranav/ros2_ws/install/landmark_detector_pkg/share/landmark_detector_pkg/package.dsv'
[1.501s] INFO:colcon.colcon_core.shell:Creating package script '/home/pranav/ros2_ws/install/landmark_detector_pkg/share/landmark_detector_pkg/package.sh'
[1.501s] INFO:colcon.colcon_core.shell:Creating package script '/home/pranav/ros2_ws/install/landmark_detector_pkg/share/landmark_detector_pkg/package.bash'
[1.501s] INFO:colcon.colcon_core.shell:Creating package script '/home/pranav/ros2_ws/install/landmark_detector_pkg/share/landmark_detector_pkg/package.zsh'
[1.501s] Level 1:colcon.colcon_core.environment:create_file_with_runtime_dependencies(/home/pranav/ros2_ws/install/landmark_detector_pkg/share/colcon-core/packages/landmark_detector_pkg)
[1.811s] DEBUG:colcon.colcon_core.event_handler.log_command:Invoked command in '/home/pranav/ros2_ws/build/turtlebot3_node' returned '0': CMAKE_PREFIX_PATH=${CMAKE_PREFIX_PATH}:/home/pranav/ros2_ws/install/landmark_detector_pkg:/home/pranav/ros2_ws/install/erc:/opt/ros/foxy /usr/bin/cmake /home/pranav/ros2_ws/src/turtlebot3/turtlebot3_node -DCMAKE_INSTALL_PREFIX=/home/pranav/ros2_ws/install/turtlebot3_node
[1.811s] DEBUG:colcon.colcon_core.event_handler.log_command:Invoking command in '/home/pranav/ros2_ws/build/turtlebot3_node': CMAKE_PREFIX_PATH=${CMAKE_PREFIX_PATH}:/home/pranav/ros2_ws/install/landmark_detector_pkg:/home/pranav/ros2_ws/install/erc:/opt/ros/foxy /usr/bin/cmake --build /home/pranav/ros2_ws/build/turtlebot3_node -- -j4 -l4
[6.423s] DEBUG:colcon.colcon_core.event_handler.log_command:Invoked command in '/home/pranav/ros2_ws/build/turtlebot3_node' returned '2': CMAKE_PREFIX_PATH=${CMAKE_PREFIX_PATH}:/home/pranav/ros2_ws/install/landmark_detector_pkg:/home/pranav/ros2_ws/install/erc:/opt/ros/foxy /usr/bin/cmake --build /home/pranav/ros2_ws/build/turtlebot3_node -- -j4 -l4
[6.424s] Level 1:colcon.colcon_core.environment:create_environment_scripts_only(turtlebot3_node)
[6.424s] Level 1:colcon.colcon_core.environment:checking '/home/pranav/ros2_ws/install/turtlebot3_node' for CMake module files
[6.424s] Level 1:colcon.colcon_core.environment:checking '/home/pranav/ros2_ws/install/turtlebot3_node' for CMake config files
[6.425s] Level 1:colcon.colcon_core.environment:checking '/home/pranav/ros2_ws/install/turtlebot3_node/bin'
[6.425s] Level 1:colcon.colcon_core.environment:checking '/home/pranav/ros2_ws/install/turtlebot3_node/lib/pkgconfig/turtlebot3_node.pc'
[6.425s] Level 1:colcon.colcon_core.environment:checking '/home/pranav/ros2_ws/install/turtlebot3_node/lib/python3.8/site-packages'
[6.425s] Level 1:colcon.colcon_core.environment:checking '/home/pranav/ros2_ws/install/turtlebot3_node/bin'
[6.425s] INFO:colcon.colcon_core.shell:Creating package script '/home/pranav/ros2_ws/install/turtlebot3_node/share/turtlebot3_node/package.ps1'
[6.426s] INFO:colcon.colcon_core.shell:Creating package descriptor '/home/pranav/ros2_ws/install/turtlebot3_node/share/turtlebot3_node/package.dsv'
[6.426s] INFO:colcon.colcon_core.shell:Creating package script '/home/pranav/ros2_ws/install/turtlebot3_node/share/turtlebot3_node/package.sh'
[6.426s] INFO:colcon.colcon_core.shell:Creating package script '/home/pranav/ros2_ws/install/turtlebot3_node/share/turtlebot3_node/package.bash'
[6.426s] INFO:colcon.colcon_core.shell:Creating package script '/home/pranav/ros2_ws/install/turtlebot3_node/share/turtlebot3_node/package.zsh'
[6.426s] Level 1:colcon.colcon_core.environment:create_file_with_runtime_dependencies(/home/pranav/ros2_ws/install/turtlebot3_node/share/colcon-core/packages/turtlebot3_node)
[6.437s] DEBUG:colcon.colcon_parallel_executor.executor.parallel:closing loop
[6.438s] DEBUG:colcon.colcon_parallel_executor.executor.parallel:loop closed
[6.438s] DEBUG:colcon.colcon_parallel_executor.executor.parallel:run_until_complete finished with '2'
[6.438s] DEBUG:colcon.colcon_core.event_reactor:joining thread
[6.442s] INFO:colcon.colcon_core.plugin_system:Skipping extension 'colcon_notification.desktop_notification.terminal_notifier': Not used on non-Darwin systems
[6.442s] INFO:colcon.colcon_core.plugin_system:Skipping extension 'colcon_notification.desktop_notification.win32': Not used on non-Windows systems
[6.442s] INFO:colcon.colcon_notification.desktop_notification:Sending desktop notification using 'notify2'
[6.455s] DEBUG:colcon.colcon_core.event_reactor:joined thread
[6.455s] INFO:colcon.colcon_core.shell:Creating prefix script '/home/pranav/ros2_ws/install/local_setup.ps1'
[6.456s] INFO:colcon.colcon_core.shell:Creating prefix util module '/home/pranav/ros2_ws/install/_local_setup_util_ps1.py'
[6.457s] INFO:colcon.colcon_core.shell:Creating prefix chain script '/home/pranav/ros2_ws/install/setup.ps1'
[6.457s] INFO:colcon.colcon_core.shell:Creating prefix script '/home/pranav/ros2_ws/install/local_setup.sh'
[6.468s] INFO:colcon.colcon_core.shell:Creating prefix util module '/home/pranav/ros2_ws/install/_local_setup_util_sh.py'
[6.482s] INFO:colcon.colcon_core.shell:Creating prefix chain script '/home/pranav/ros2_ws/install/setup.sh'
[6.483s] INFO:colcon.colcon_core.shell:Creating prefix script '/home/pranav/ros2_ws/install/local_setup.bash'
[6.483s] INFO:colcon.colcon_core.shell:Creating prefix chain script '/home/pranav/ros2_ws/install/setup.bash'
[6.484s] INFO:colcon.colcon_core.shell:Creating prefix script '/home/pranav/ros2_ws/install/local_setup.zsh'
[6.484s] INFO:colcon.colcon_core.shell:Creating prefix chain script '/home/pranav/ros2_ws/install/setup.zsh'
