[0.022s] Invoking command in '/home/pranav/ros2_ws/build/turtlebot3_navigation2': CMAKE_PREFIX_PATH=${CMAKE_PREFIX_PATH}:/home/pranav/ros2_ws/install/landmark_detector_pkg:/home/pranav/ros2_ws/install/erc:/opt/ros/foxy /usr/bin/cmake /home/pranav/ros2_ws/src/turtlebot3/turtlebot3_navigation2 -DCMAKE_INSTALL_PREFIX=/home/pranav/ros2_ws/install/turtlebot3_navigation2
[0.096s] -- The C compiler identification is GNU 9.4.0
[0.136s] -- The CXX compiler identification is GNU 9.4.0
[0.138s] -- Check for working C compiler: /usr/bin/cc
[0.181s] -- Check for working C compiler: /usr/bin/cc -- works
[0.183s] -- Detecting C compiler ABI info
[0.236s] -- Detecting C compiler ABI info - done
[0.240s] -- Detecting C compile features
[0.241s] -- Detecting C compile features - done
[0.241s] -- Check for working CXX compiler: /usr/bin/c++
[0.323s] -- Check for working CXX compiler: /usr/bin/c++ -- works
[0.327s] -- Detecting CXX compiler ABI info
[0.375s] -- Detecting CXX compiler ABI info - done
[0.380s] -- Detecting CXX compile features
[0.381s] -- Detecting CXX compile features - done
[0.382s] -- Found ament_cmake: 0.9.12 (/opt/ros/foxy/share/ament_cmake/cmake)
[0.396s] -- Found PythonInterp: /usr/bin/python3 (found suitable version "3.8.10", minimum required is "3") 
[0.397s] -- Using PYTHON_EXECUTABLE: /usr/bin/python3
[0.547s] -- Configuring done
[0.548s] -- Generating done
[0.549s] -- Build files have been written to: /home/pranav/ros2_ws/build/turtlebot3_navigation2
[0.552s] Invoked command in '/home/pranav/ros2_ws/build/turtlebot3_navigation2' returned '0': CMAKE_PREFIX_PATH=${CMAKE_PREFIX_PATH}:/home/pranav/ros2_ws/install/landmark_detector_pkg:/home/pranav/ros2_ws/install/erc:/opt/ros/foxy /usr/bin/cmake /home/pranav/ros2_ws/src/turtlebot3/turtlebot3_navigation2 -DCMAKE_INSTALL_PREFIX=/home/pranav/ros2_ws/install/turtlebot3_navigation2
[0.553s] Invoking command in '/home/pranav/ros2_ws/build/turtlebot3_navigation2': CMAKE_PREFIX_PATH=${CMAKE_PREFIX_PATH}:/home/pranav/ros2_ws/install/landmark_detector_pkg:/home/pranav/ros2_ws/install/erc:/opt/ros/foxy /usr/bin/cmake --build /home/pranav/ros2_ws/build/turtlebot3_navigation2 -- -j4 -l4
[0.616s] Invoked command in '/home/pranav/ros2_ws/build/turtlebot3_navigation2' returned '0': CMAKE_PREFIX_PATH=${CMAKE_PREFIX_PATH}:/home/pranav/ros2_ws/install/landmark_detector_pkg:/home/pranav/ros2_ws/install/erc:/opt/ros/foxy /usr/bin/cmake --build /home/pranav/ros2_ws/build/turtlebot3_navigation2 -- -j4 -l4
[0.616s] Invoking command in '/home/pranav/ros2_ws/build/turtlebot3_navigation2': CMAKE_PREFIX_PATH=${CMAKE_PREFIX_PATH}:/home/pranav/ros2_ws/install/landmark_detector_pkg:/home/pranav/ros2_ws/install/erc:/opt/ros/foxy /usr/bin/cmake --install /home/pranav/ros2_ws/build/turtlebot3_navigation2
[0.624s] -- Install configuration: ""
[0.624s] -- Installing: /home/pranav/ros2_ws/install/turtlebot3_navigation2/share/turtlebot3_navigation2/launch
[0.624s] -- Installing: /home/pranav/ros2_ws/install/turtlebot3_navigation2/share/turtlebot3_navigation2/launch/navigation2.launch.py
[0.624s] -- Installing: /home/pranav/ros2_ws/install/turtlebot3_navigation2/share/turtlebot3_navigation2/map
[0.624s] -- Installing: /home/pranav/ros2_ws/install/turtlebot3_navigation2/share/turtlebot3_navigation2/map/map.pgm
[0.624s] -- Installing: /home/pranav/ros2_ws/install/turtlebot3_navigation2/share/turtlebot3_navigation2/map/map.yaml
[0.624s] -- Installing: /home/pranav/ros2_ws/install/turtlebot3_navigation2/share/turtlebot3_navigation2/param
[0.624s] -- Installing: /home/pranav/ros2_ws/install/turtlebot3_navigation2/share/turtlebot3_navigation2/param/waffle.yaml
[0.624s] -- Installing: /home/pranav/ros2_ws/install/turtlebot3_navigation2/share/turtlebot3_navigation2/param/humble
[0.625s] -- Installing: /home/pranav/ros2_ws/install/turtlebot3_navigation2/share/turtlebot3_navigation2/param/humble/waffle.yaml
[0.625s] -- Installing: /home/pranav/ros2_ws/install/turtlebot3_navigation2/share/turtlebot3_navigation2/param/humble/waffle_pi.yaml
[0.625s] -- Installing: /home/pranav/ros2_ws/install/turtlebot3_navigation2/share/turtlebot3_navigation2/param/humble/burger.yaml
[0.625s] -- Installing: /home/pranav/ros2_ws/install/turtlebot3_navigation2/share/turtlebot3_navigation2/param/humble/burger_cam.yaml
[0.625s] -- Installing: /home/pranav/ros2_ws/install/turtlebot3_navigation2/share/turtlebot3_navigation2/param/waffle_pi.yaml
[0.625s] -- Installing: /home/pranav/ros2_ws/install/turtlebot3_navigation2/share/turtlebot3_navigation2/param/burger.yaml
[0.625s] -- Installing: /home/pranav/ros2_ws/install/turtlebot3_navigation2/share/turtlebot3_navigation2/param/burger_cam.yaml
[0.625s] -- Installing: /home/pranav/ros2_ws/install/turtlebot3_navigation2/share/turtlebot3_navigation2/rviz
[0.625s] -- Installing: /home/pranav/ros2_ws/install/turtlebot3_navigation2/share/turtlebot3_navigation2/rviz/tb3_navigation2.rviz
[0.625s] -- Installing: /home/pranav/ros2_ws/install/turtlebot3_navigation2/share/ament_index/resource_index/package_run_dependencies/turtlebot3_navigation2
[0.625s] -- Installing: /home/pranav/ros2_ws/install/turtlebot3_navigation2/share/ament_index/resource_index/parent_prefix_path/turtlebot3_navigation2
[0.625s] -- Installing: /home/pranav/ros2_ws/install/turtlebot3_navigation2/share/turtlebot3_navigation2/environment/ament_prefix_path.sh
[0.625s] -- Installing: /home/pranav/ros2_ws/install/turtlebot3_navigation2/share/turtlebot3_navigation2/environment/ament_prefix_path.dsv
[0.625s] -- Installing: /home/pranav/ros2_ws/install/turtlebot3_navigation2/share/turtlebot3_navigation2/environment/path.sh
[0.625s] -- Installing: /home/pranav/ros2_ws/install/turtlebot3_navigation2/share/turtlebot3_navigation2/environment/path.dsv
[0.625s] -- Installing: /home/pranav/ros2_ws/install/turtlebot3_navigation2/share/turtlebot3_navigation2/local_setup.bash
[0.625s] -- Installing: /home/pranav/ros2_ws/install/turtlebot3_navigation2/share/turtlebot3_navigation2/local_setup.sh
[0.625s] -- Installing: /home/pranav/ros2_ws/install/turtlebot3_navigation2/share/turtlebot3_navigation2/local_setup.zsh
[0.625s] -- Installing: /home/pranav/ros2_ws/install/turtlebot3_navigation2/share/turtlebot3_navigation2/local_setup.dsv
[0.625s] -- Installing: /home/pranav/ros2_ws/install/turtlebot3_navigation2/share/turtlebot3_navigation2/package.dsv
[0.625s] -- Installing: /home/pranav/ros2_ws/install/turtlebot3_navigation2/share/ament_index/resource_index/packages/turtlebot3_navigation2
[0.625s] -- Installing: /home/pranav/ros2_ws/install/turtlebot3_navigation2/share/turtlebot3_navigation2/cmake/turtlebot3_navigation2Config.cmake
[0.625s] -- Installing: /home/pranav/ros2_ws/install/turtlebot3_navigation2/share/turtlebot3_navigation2/cmake/turtlebot3_navigation2Config-version.cmake
[0.625s] -- Installing: /home/pranav/ros2_ws/install/turtlebot3_navigation2/share/turtlebot3_navigation2/package.xml
[0.625s] Invoked command in '/home/pranav/ros2_ws/build/turtlebot3_navigation2' returned '0': CMAKE_PREFIX_PATH=${CMAKE_PREFIX_PATH}:/home/pranav/ros2_ws/install/landmark_detector_pkg:/home/pranav/ros2_ws/install/erc:/opt/ros/foxy /usr/bin/cmake --install /home/pranav/ros2_ws/build/turtlebot3_navigation2
