[0.329s] Invoking command in '/home/pranav/ros2_ws/src/turtlebot3/turtlebot3_teleop': PYTHONPATH=/home/pranav/ros2_ws/build/turtlebot3_teleop/prefix_override:/usr/lib/python3/dist-packages/colcon_core/task/python/colcon_distutils_commands:/home/pranav/ros2_ws/install/turtlebot3_teleop/lib/python3.8/site-packages:${PYTHONPATH} /usr/bin/python3 -W ignore:setup.py install is deprecated -W ignore:easy_install command is deprecated setup.py egg_info --egg-base ../../../build/turtlebot3_teleop build --build-base /home/pranav/ros2_ws/build/turtlebot3_teleop/build install --record /home/pranav/ros2_ws/build/turtlebot3_teleop/install.log --single-version-externally-managed install_data
[0.437s] running egg_info
[0.437s] creating ../../../build/turtlebot3_teleop/turtlebot3_teleop.egg-info
[0.437s] writing ../../../build/turtlebot3_teleop/turtlebot3_teleop.egg-info/PKG-INFO
[0.437s] writing dependency_links to ../../../build/turtlebot3_teleop/turtlebot3_teleop.egg-info/dependency_links.txt
[0.437s] writing entry points to ../../../build/turtlebot3_teleop/turtlebot3_teleop.egg-info/entry_points.txt
[0.437s] writing requirements to ../../../build/turtlebot3_teleop/turtlebot3_teleop.egg-info/requires.txt
[0.437s] writing top-level names to ../../../build/turtlebot3_teleop/turtlebot3_teleop.egg-info/top_level.txt
[0.438s] writing manifest file '../../../build/turtlebot3_teleop/turtlebot3_teleop.egg-info/SOURCES.txt'
[0.452s] reading manifest file '../../../build/turtlebot3_teleop/turtlebot3_teleop.egg-info/SOURCES.txt'
[0.453s] writing manifest file '../../../build/turtlebot3_teleop/turtlebot3_teleop.egg-info/SOURCES.txt'
[0.453s] running build
[0.453s] running build_py
[0.453s] creating /home/pranav/ros2_ws/build/turtlebot3_teleop/build
[0.453s] creating /home/pranav/ros2_ws/build/turtlebot3_teleop/build/lib
[0.453s] creating /home/pranav/ros2_ws/build/turtlebot3_teleop/build/lib/turtlebot3_teleop
[0.453s] copying turtlebot3_teleop/__init__.py -> /home/pranav/ros2_ws/build/turtlebot3_teleop/build/lib/turtlebot3_teleop
[0.453s] creating /home/pranav/ros2_ws/build/turtlebot3_teleop/build/lib/turtlebot3_teleop/script
[0.453s] copying turtlebot3_teleop/script/__init__.py -> /home/pranav/ros2_ws/build/turtlebot3_teleop/build/lib/turtlebot3_teleop/script
[0.453s] copying turtlebot3_teleop/script/teleop_keyboard.py -> /home/pranav/ros2_ws/build/turtlebot3_teleop/build/lib/turtlebot3_teleop/script
[0.453s] running install
[0.453s] running install_lib
[0.454s] creating /home/pranav/ros2_ws/install/turtlebot3_teleop/lib/python3.8/site-packages/turtlebot3_teleop
[0.454s] creating /home/pranav/ros2_ws/install/turtlebot3_teleop/lib/python3.8/site-packages/turtlebot3_teleop/script
[0.454s] copying /home/pranav/ros2_ws/build/turtlebot3_teleop/build/lib/turtlebot3_teleop/script/__init__.py -> /home/pranav/ros2_ws/install/turtlebot3_teleop/lib/python3.8/site-packages/turtlebot3_teleop/script
[0.454s] copying /home/pranav/ros2_ws/build/turtlebot3_teleop/build/lib/turtlebot3_teleop/script/teleop_keyboard.py -> /home/pranav/ros2_ws/install/turtlebot3_teleop/lib/python3.8/site-packages/turtlebot3_teleop/script
[0.454s] copying /home/pranav/ros2_ws/build/turtlebot3_teleop/build/lib/turtlebot3_teleop/__init__.py -> /home/pranav/ros2_ws/install/turtlebot3_teleop/lib/python3.8/site-packages/turtlebot3_teleop
[0.454s] byte-compiling /home/pranav/ros2_ws/install/turtlebot3_teleop/lib/python3.8/site-packages/turtlebot3_teleop/script/__init__.py to __init__.cpython-38.pyc
[0.455s] byte-compiling /home/pranav/ros2_ws/install/turtlebot3_teleop/lib/python3.8/site-packages/turtlebot3_teleop/script/teleop_keyboard.py to teleop_keyboard.cpython-38.pyc
[0.455s] byte-compiling /home/pranav/ros2_ws/install/turtlebot3_teleop/lib/python3.8/site-packages/turtlebot3_teleop/__init__.py to __init__.cpython-38.pyc
[0.455s] running install_data
[0.456s] creating /home/pranav/ros2_ws/install/turtlebot3_teleop/share/ament_index
[0.456s] creating /home/pranav/ros2_ws/install/turtlebot3_teleop/share/ament_index/resource_index
[0.456s] creating /home/pranav/ros2_ws/install/turtlebot3_teleop/share/ament_index/resource_index/packages
[0.456s] copying resource/turtlebot3_teleop -> /home/pranav/ros2_ws/install/turtlebot3_teleop/share/ament_index/resource_index/packages
[0.456s] copying package.xml -> /home/pranav/ros2_ws/install/turtlebot3_teleop/share/turtlebot3_teleop
[0.456s] running install_egg_info
[0.456s] Copying ../../../build/turtlebot3_teleop/turtlebot3_teleop.egg-info to /home/pranav/ros2_ws/install/turtlebot3_teleop/lib/python3.8/site-packages/turtlebot3_teleop-2.3.1-py3.8.egg-info
[0.457s] running install_scripts
[0.465s] Installing teleop_keyboard script to /home/pranav/ros2_ws/install/turtlebot3_teleop/lib/turtlebot3_teleop
[0.465s] writing list of installed files to '/home/pranav/ros2_ws/build/turtlebot3_teleop/install.log'
[0.491s] Invoked command in '/home/pranav/ros2_ws/src/turtlebot3/turtlebot3_teleop' returned '0': PYTHONPATH=/home/pranav/ros2_ws/build/turtlebot3_teleop/prefix_override:/usr/lib/python3/dist-packages/colcon_core/task/python/colcon_distutils_commands:/home/pranav/ros2_ws/install/turtlebot3_teleop/lib/python3.8/site-packages:${PYTHONPATH} /usr/bin/python3 -W ignore:setup.py install is deprecated -W ignore:easy_install command is deprecated setup.py egg_info --egg-base ../../../build/turtlebot3_teleop build --build-base /home/pranav/ros2_ws/build/turtlebot3_teleop/build install --record /home/pranav/ros2_ws/build/turtlebot3_teleop/install.log --single-version-externally-managed install_data
