[0.012s] Invoking command in '/home/pranav/ros2_ws/build/turtlebot3_cartographer': CMAKE_PREFIX_PATH=${CMAKE_PREFIX_PATH}:/home/pranav/ros2_ws/install/landmark_detector_pkg:/home/pranav/ros2_ws/install/erc:/opt/ros/foxy /usr/bin/cmake /home/pranav/ros2_ws/src/turtlebot3/turtlebot3_cartographer -DCMAKE_INSTALL_PREFIX=/home/pranav/ros2_ws/install/turtlebot3_cartographer
[0.067s] -- The C compiler identification is GNU 9.4.0
[0.098s] -- The CXX compiler identification is GNU 9.4.0
[0.102s] -- Check for working C compiler: /usr/bin/cc
[0.161s] -- Check for working C compiler: /usr/bin/cc -- works
[0.161s] -- Detecting C compiler ABI info
[0.209s] -- Detecting C compiler ABI info - done
[0.214s] -- Detecting C compile features
[0.214s] -- Detecting C compile features - done
[0.222s] -- Check for working CXX compiler: /usr/bin/c++
[0.286s] -- Check for working CXX compiler: /usr/bin/c++ -- works
[0.287s] -- Detecting CXX compiler ABI info
[0.365s] -- Detecting CXX compiler ABI info - done
[0.372s] -- Detecting CXX compile features
[0.372s] -- Detecting CXX compile features - done
[0.373s] -- Found ament_cmake: 0.9.12 (/opt/ros/foxy/share/ament_cmake/cmake)
[0.395s] -- Found PythonInterp: /usr/bin/python3 (found suitable version "3.8.10", minimum required is "3") 
[0.395s] -- Using PYTHON_EXECUTABLE: /usr/bin/python3
[0.551s] -- Configuring done
[0.551s] -- Generating done
[0.552s] -- Build files have been written to: /home/pranav/ros2_ws/build/turtlebot3_cartographer
[0.561s] Invoked command in '/home/pranav/ros2_ws/build/turtlebot3_cartographer' returned '0': CMAKE_PREFIX_PATH=${CMAKE_PREFIX_PATH}:/home/pranav/ros2_ws/install/landmark_detector_pkg:/home/pranav/ros2_ws/install/erc:/opt/ros/foxy /usr/bin/cmake /home/pranav/ros2_ws/src/turtlebot3/turtlebot3_cartographer -DCMAKE_INSTALL_PREFIX=/home/pranav/ros2_ws/install/turtlebot3_cartographer
[0.564s] Invoking command in '/home/pranav/ros2_ws/build/turtlebot3_cartographer': CMAKE_PREFIX_PATH=${CMAKE_PREFIX_PATH}:/home/pranav/ros2_ws/install/landmark_detector_pkg:/home/pranav/ros2_ws/install/erc:/opt/ros/foxy /usr/bin/cmake --build /home/pranav/ros2_ws/build/turtlebot3_cartographer -- -j4 -l4
[0.623s] Invoked command in '/home/pranav/ros2_ws/build/turtlebot3_cartographer' returned '0': CMAKE_PREFIX_PATH=${CMAKE_PREFIX_PATH}:/home/pranav/ros2_ws/install/landmark_detector_pkg:/home/pranav/ros2_ws/install/erc:/opt/ros/foxy /usr/bin/cmake --build /home/pranav/ros2_ws/build/turtlebot3_cartographer -- -j4 -l4
[0.626s] Invoking command in '/home/pranav/ros2_ws/build/turtlebot3_cartographer': CMAKE_PREFIX_PATH=${CMAKE_PREFIX_PATH}:/home/pranav/ros2_ws/install/landmark_detector_pkg:/home/pranav/ros2_ws/install/erc:/opt/ros/foxy /usr/bin/cmake --install /home/pranav/ros2_ws/build/turtlebot3_cartographer
[0.634s] -- Install configuration: ""
[0.634s] -- Installing: /home/pranav/ros2_ws/install/turtlebot3_cartographer/share/turtlebot3_cartographer/config
[0.634s] -- Installing: /home/pranav/ros2_ws/install/turtlebot3_cartographer/share/turtlebot3_cartographer/config/turtlebot3_lds_2d.lua
[0.634s] -- Installing: /home/pranav/ros2_ws/install/turtlebot3_cartographer/share/turtlebot3_cartographer/launch
[0.634s] -- Installing: /home/pranav/ros2_ws/install/turtlebot3_cartographer/share/turtlebot3_cartographer/launch/cartographer.launch.py
[0.634s] -- Installing: /home/pranav/ros2_ws/install/turtlebot3_cartographer/share/turtlebot3_cartographer/launch/occupancy_grid.launch.py
[0.634s] -- Installing: /home/pranav/ros2_ws/install/turtlebot3_cartographer/share/turtlebot3_cartographer/rviz
[0.635s] -- Installing: /home/pranav/ros2_ws/install/turtlebot3_cartographer/share/turtlebot3_cartographer/rviz/tb3_cartographer.rviz
[0.635s] -- Installing: /home/pranav/ros2_ws/install/turtlebot3_cartographer/share/ament_index/resource_index/package_run_dependencies/turtlebot3_cartographer
[0.635s] -- Installing: /home/pranav/ros2_ws/install/turtlebot3_cartographer/share/ament_index/resource_index/parent_prefix_path/turtlebot3_cartographer
[0.635s] -- Installing: /home/pranav/ros2_ws/install/turtlebot3_cartographer/share/turtlebot3_cartographer/environment/ament_prefix_path.sh
[0.635s] -- Installing: /home/pranav/ros2_ws/install/turtlebot3_cartographer/share/turtlebot3_cartographer/environment/ament_prefix_path.dsv
[0.635s] -- Installing: /home/pranav/ros2_ws/install/turtlebot3_cartographer/share/turtlebot3_cartographer/environment/path.sh
[0.635s] -- Installing: /home/pranav/ros2_ws/install/turtlebot3_cartographer/share/turtlebot3_cartographer/environment/path.dsv
[0.635s] -- Installing: /home/pranav/ros2_ws/install/turtlebot3_cartographer/share/turtlebot3_cartographer/local_setup.bash
[0.635s] -- Installing: /home/pranav/ros2_ws/install/turtlebot3_cartographer/share/turtlebot3_cartographer/local_setup.sh
[0.635s] -- Installing: /home/pranav/ros2_ws/install/turtlebot3_cartographer/share/turtlebot3_cartographer/local_setup.zsh
[0.635s] -- Installing: /home/pranav/ros2_ws/install/turtlebot3_cartographer/share/turtlebot3_cartographer/local_setup.dsv
[0.635s] -- Installing: /home/pranav/ros2_ws/install/turtlebot3_cartographer/share/turtlebot3_cartographer/package.dsv
[0.635s] -- Installing: /home/pranav/ros2_ws/install/turtlebot3_cartographer/share/ament_index/resource_index/packages/turtlebot3_cartographer
[0.635s] -- Installing: /home/pranav/ros2_ws/install/turtlebot3_cartographer/share/turtlebot3_cartographer/cmake/turtlebot3_cartographerConfig.cmake
[0.635s] -- Installing: /home/pranav/ros2_ws/install/turtlebot3_cartographer/share/turtlebot3_cartographer/cmake/turtlebot3_cartographerConfig-version.cmake
[0.635s] -- Installing: /home/pranav/ros2_ws/install/turtlebot3_cartographer/share/turtlebot3_cartographer/package.xml
[0.636s] Invoked command in '/home/pranav/ros2_ws/build/turtlebot3_cartographer' returned '0': CMAKE_PREFIX_PATH=${CMAKE_PREFIX_PATH}:/home/pranav/ros2_ws/install/landmark_detector_pkg:/home/pranav/ros2_ws/install/erc:/opt/ros/foxy /usr/bin/cmake --install /home/pranav/ros2_ws/build/turtlebot3_cartographer
