[0.008s] Invoking command in '/home/pranav/ros2_ws/build/turtlebot3_node': CMAKE_PREFIX_PATH=${CMAKE_PREFIX_PATH}:/home/pranav/ros2_ws/install/turtlebot3_teleop:/home/pranav/ros2_ws/install/turtlebot3_example:/home/pranav/ros2_ws/install/landmark_detector_pkg:/home/pranav/ros2_ws/install/erc:/opt/ros/foxy /usr/bin/cmake --build /home/pranav/ros2_ws/build/turtlebot3_node -- -j4 -l4
[0.048s] [35m[1mScanning dependencies of target turtlebot3_node_lib[0m
[0.073s] [ 14%] [32mBuilding CXX object CMakeFiles/turtlebot3_node_lib.dir/src/odometry.cpp.o[0m
[0.073s] [ 14%] [32mBuilding CXX object CMakeFiles/turtlebot3_node_lib.dir/src/turtlebot3.cpp.o[0m
[0.964s] [01m[K/home/pranav/ros2_ws/src/turtlebot3/turtlebot3_node/src/odometry.cpp:[m[K In constructor ‘[01m[Krobotis::turtlebot3::Odometry::Odometry(std::shared_ptr<rclcpp::Node>&, double, double)[m[K’:
[0.964s] [01m[K/home/pranav/ros2_ws/src/turtlebot3/turtlebot3_node/src/odometry.cpp:40:58:[m[K [01;31m[Kerror: [m[Kno matching function for call to ‘[01m[Krclcpp::Node::declare_parameter<std::string>(const char [18])[m[K’
[0.964s]    40 |   nh_->declare_parameter<std::string>("odometry.frame_id"[01;31m[K)[m[K;
[0.964s]       |                                                          [01;31m[K^[m[K
[0.964s] In file included from [01m[K/opt/ros/foxy/include/rclcpp/node.hpp:1224[m[K,
[0.964s]                  from [01m[K/opt/ros/foxy/include/rclcpp/executors/single_threaded_executor.hpp:28[m[K,
[0.964s]                  from [01m[K/opt/ros/foxy/include/rclcpp/executors.hpp:22[m[K,
[0.964s]                  from [01m[K/opt/ros/foxy/include/rclcpp/rclcpp.hpp:146[m[K,
[0.964s]                  from [01m[K/opt/ros/foxy/include/message_filters/subscriber.h:38[m[K,
[0.964s]                  from [01m[K/home/pranav/ros2_ws/src/turtlebot3/turtlebot3_node/include/turtlebot3_node/odometry.hpp:20[m[K,
[0.964s]                  from [01m[K/home/pranav/ros2_ws/src/turtlebot3/turtlebot3_node/src/odometry.cpp:17[m[K:
[0.964s] [01m[K/opt/ros/foxy/include/rclcpp/node_impl.hpp:157:1:[m[K [01;36m[Knote: [m[Kcandidate: ‘[01m[Kauto rclcpp::Node::declare_parameter(const string&, const ParameterT&, const ParameterDescriptor&, bool) [with ParameterT = std::__cxx11::basic_string<char>; std::string = std::__cxx11::basic_string<char>; rcl_interfaces::msg::ParameterDescriptor = rcl_interfaces::msg::ParameterDescriptor_<std::allocator<void> >][m[K’
[0.964s]   157 | [01;36m[KNode[m[K::declare_parameter(
[0.964s]       | [01;36m[K^~~~[m[K
[0.964s] [01m[K/opt/ros/foxy/include/rclcpp/node_impl.hpp:157:1:[m[K [01;36m[Knote: [m[K  candidate expects 4 arguments, 1 provided
[0.964s] [01m[K/home/pranav/ros2_ws/src/turtlebot3/turtlebot3_node/src/odometry.cpp:41:64:[m[K [01;31m[Kerror: [m[Kno matching function for call to ‘[01m[Krclcpp::Node::declare_parameter<std::string>(const char [24])[m[K’
[0.964s]    41 |   nh_->declare_parameter<std::string>("odometry.child_frame_id"[01;31m[K)[m[K;
[0.964s]       |                                                                [01;31m[K^[m[K
[0.964s] In file included from [01m[K/opt/ros/foxy/include/rclcpp/node.hpp:1224[m[K,
[0.964s]                  from [01m[K/opt/ros/foxy/include/rclcpp/executors/single_threaded_executor.hpp:28[m[K,
[0.964s]                  from [01m[K/opt/ros/foxy/include/rclcpp/executors.hpp:22[m[K,
[0.964s]                  from [01m[K/opt/ros/foxy/include/rclcpp/rclcpp.hpp:146[m[K,
[0.964s]                  from [01m[K/opt/ros/foxy/include/message_filters/subscriber.h:38[m[K,
[0.964s]                  from [01m[K/home/pranav/ros2_ws/src/turtlebot3/turtlebot3_node/include/turtlebot3_node/odometry.hpp:20[m[K,
[0.964s]                  from [01m[K/home/pranav/ros2_ws/src/turtlebot3/turtlebot3_node/src/odometry.cpp:17[m[K:
[0.964s] [01m[K/opt/ros/foxy/include/rclcpp/node_impl.hpp:157:1:[m[K [01;36m[Knote: [m[Kcandidate: ‘[01m[Kauto rclcpp::Node::declare_parameter(const string&, const ParameterT&, const ParameterDescriptor&, bool) [with ParameterT = std::__cxx11::basic_string<char>; std::string = std::__cxx11::basic_string<char>; rcl_interfaces::msg::ParameterDescriptor = rcl_interfaces::msg::ParameterDescriptor_<std::allocator<void> >][m[K’
[0.964s]   157 | [01;36m[KNode[m[K::declare_parameter(
[0.964s]       | [01;36m[K^~~~[m[K
[0.964s] [01m[K/opt/ros/foxy/include/rclcpp/node_impl.hpp:157:1:[m[K [01;36m[Knote: [m[K  candidate expects 4 arguments, 1 provided
[0.964s] [01m[K/home/pranav/ros2_ws/src/turtlebot3/turtlebot3_node/src/odometry.cpp:42:50:[m[K [01;31m[Kerror: [m[Kno matching function for call to ‘[01m[Krclcpp::Node::declare_parameter<std::string>(const char [10])[m[K’
[0.964s]    42 |   nh_->declare_parameter<std::string>("namespace"[01;31m[K)[m[K;
[0.964s]       |                                                  [01;31m[K^[m[K
[0.964s] In file included from [01m[K/opt/ros/foxy/include/rclcpp/node.hpp:1224[m[K,
[0.964s]                  from [01m[K/opt/ros/foxy/include/rclcpp/executors/single_threaded_executor.hpp:28[m[K,
[0.965s]                  from [01m[K/opt/ros/foxy/include/rclcpp/executors.hpp:22[m[K,
[0.965s]                  from [01m[K/opt/ros/foxy/include/rclcpp/rclcpp.hpp:146[m[K,
[0.965s]                  from [01m[K/opt/ros/foxy/include/message_filters/subscriber.h:38[m[K,
[0.965s]                  from [01m[K/home/pranav/ros2_ws/src/turtlebot3/turtlebot3_node/include/turtlebot3_node/odometry.hpp:20[m[K,
[0.965s]                  from [01m[K/home/pranav/ros2_ws/src/turtlebot3/turtlebot3_node/src/odometry.cpp:17[m[K:
[0.965s] [01m[K/opt/ros/foxy/include/rclcpp/node_impl.hpp:157:1:[m[K [01;36m[Knote: [m[Kcandidate: ‘[01m[Kauto rclcpp::Node::declare_parameter(const string&, const ParameterT&, const ParameterDescriptor&, bool) [with ParameterT = std::__cxx11::basic_string<char>; std::string = std::__cxx11::basic_string<char>; rcl_interfaces::msg::ParameterDescriptor = rcl_interfaces::msg::ParameterDescriptor_<std::allocator<void> >][m[K’
[0.965s]   157 | [01;36m[KNode[m[K::declare_parameter(
[0.965s]       | [01;36m[K^~~~[m[K
[0.965s] [01m[K/opt/ros/foxy/include/rclcpp/node_impl.hpp:157:1:[m[K [01;36m[Knote: [m[K  candidate expects 4 arguments, 1 provided
[0.965s] [01m[K/home/pranav/ros2_ws/src/turtlebot3/turtlebot3_node/src/odometry.cpp:44:50:[m[K [01;31m[Kerror: [m[Kno matching function for call to ‘[01m[Krclcpp::Node::declare_parameter<bool>(const char [17])[m[K’
[0.965s]    44 |   nh_->declare_parameter<bool>("odometry.use_imu"[01;31m[K)[m[K;
[0.965s]       |                                                  [01;31m[K^[m[K
[0.965s] In file included from [01m[K/opt/ros/foxy/include/rclcpp/node.hpp:1224[m[K,
[0.965s]                  from [01m[K/opt/ros/foxy/include/rclcpp/executors/single_threaded_executor.hpp:28[m[K,
[0.965s]                  from [01m[K/opt/ros/foxy/include/rclcpp/executors.hpp:22[m[K,
[0.965s]                  from [01m[K/opt/ros/foxy/include/rclcpp/rclcpp.hpp:146[m[K,
[0.965s]                  from [01m[K/opt/ros/foxy/include/message_filters/subscriber.h:38[m[K,
[0.965s]                  from [01m[K/home/pranav/ros2_ws/src/turtlebot3/turtlebot3_node/include/turtlebot3_node/odometry.hpp:20[m[K,
[0.965s]                  from [01m[K/home/pranav/ros2_ws/src/turtlebot3/turtlebot3_node/src/odometry.cpp:17[m[K:
[0.965s] [01m[K/opt/ros/foxy/include/rclcpp/node_impl.hpp:157:1:[m[K [01;36m[Knote: [m[Kcandidate: ‘[01m[Kauto rclcpp::Node::declare_parameter(const string&, const ParameterT&, const ParameterDescriptor&, bool) [with ParameterT = bool; std::string = std::__cxx11::basic_string<char>; rcl_interfaces::msg::ParameterDescriptor = rcl_interfaces::msg::ParameterDescriptor_<std::allocator<void> >][m[K’
[0.965s]   157 | [01;36m[KNode[m[K::declare_parameter(
[0.965s]       | [01;36m[K^~~~[m[K
[0.965s] [01m[K/opt/ros/foxy/include/rclcpp/node_impl.hpp:157:1:[m[K [01;36m[Knote: [m[K  candidate expects 4 arguments, 1 provided
[0.965s] [01m[K/home/pranav/ros2_ws/src/turtlebot3/turtlebot3_node/src/odometry.cpp:45:53:[m[K [01;31m[Kerror: [m[Kno matching function for call to ‘[01m[Krclcpp::Node::declare_parameter<bool>(const char [20])[m[K’
[0.965s]    45 |   nh_->declare_parameter<bool>("odometry.publish_tf"[01;31m[K)[m[K;
[0.965s]       |                                                     [01;31m[K^[m[K
[0.965s] In file included from [01m[K/opt/ros/foxy/include/rclcpp/node.hpp:1224[m[K,
[0.965s]                  from [01m[K/opt/ros/foxy/include/rclcpp/executors/single_threaded_executor.hpp:28[m[K,
[0.965s]                  from [01m[K/opt/ros/foxy/include/rclcpp/executors.hpp:22[m[K,
[0.965s]                  from [01m[K/opt/ros/foxy/include/rclcpp/rclcpp.hpp:146[m[K,
[0.965s]                  from [01m[K/opt/ros/foxy/include/message_filters/subscriber.h:38[m[K,
[0.965s]                  from [01m[K/home/pranav/ros2_ws/src/turtlebot3/turtlebot3_node/include/turtlebot3_node/odometry.hpp:20[m[K,
[0.965s]                  from [01m[K/home/pranav/ros2_ws/src/turtlebot3/turtlebot3_node/src/odometry.cpp:17[m[K:
[0.965s] [01m[K/opt/ros/foxy/include/rclcpp/node_impl.hpp:157:1:[m[K [01;36m[Knote: [m[Kcandidate: ‘[01m[Kauto rclcpp::Node::declare_parameter(const string&, const ParameterT&, const ParameterDescriptor&, bool) [with ParameterT = bool; std::string = std::__cxx11::basic_string<char>; rcl_interfaces::msg::ParameterDescriptor = rcl_interfaces::msg::ParameterDescriptor_<std::allocator<void> >][m[K’
[0.965s]   157 | [01;36m[KNode[m[K::declare_parameter(
[0.965s]       | [01;36m[K^~~~[m[K
[0.965s] [01m[K/opt/ros/foxy/include/rclcpp/node_impl.hpp:157:1:[m[K [01;36m[Knote: [m[K  candidate expects 4 arguments, 1 provided
[1.112s] [01m[K/home/pranav/ros2_ws/src/turtlebot3/turtlebot3_node/src/turtlebot3.cpp:[m[K In member function ‘[01m[Kvoid robotis::turtlebot3::TurtleBot3::init_dynamixel_sdk_wrapper(const string&)[m[K’:
[1.112s] [01m[K/home/pranav/ros2_ws/src/turtlebot3/turtlebot3_node/src/turtlebot3.cpp:56:43:[m[K [01;31m[Kerror: [m[Kno matching function for call to ‘[01m[Krobotis::turtlebot3::TurtleBot3::declare_parameter<int>(const char [10])[m[K’
[1.112s]    56 |   this->declare_parameter<int>("opencr.id"[01;31m[K)[m[K;
[1.112s]       |                                           [01;31m[K^[m[K
[1.112s] In file included from [01m[K/opt/ros/foxy/include/rclcpp/node.hpp:1224[m[K,
[1.112s]                  from [01m[K/opt/ros/foxy/include/rclcpp/executors/single_threaded_executor.hpp:28[m[K,
[1.112s]                  from [01m[K/opt/ros/foxy/include/rclcpp/executors.hpp:22[m[K,
[1.112s]                  from [01m[K/opt/ros/foxy/include/rclcpp/rclcpp.hpp:146[m[K,
[1.112s]                  from [01m[K/opt/ros/foxy/include/tf2_ros/transform_broadcaster.h:36[m[K,
[1.112s]                  from [01m[K/home/pranav/ros2_ws/src/turtlebot3/turtlebot3_node/include/turtlebot3_node/turtlebot3.hpp:20[m[K,
[1.112s]                  from [01m[K/home/pranav/ros2_ws/src/turtlebot3/turtlebot3_node/src/turtlebot3.cpp:17[m[K:
[1.112s] [01m[K/opt/ros/foxy/include/rclcpp/node_impl.hpp:157:1:[m[K [01;36m[Knote: [m[Kcandidate: ‘[01m[Kauto rclcpp::Node::declare_parameter(const string&, const ParameterT&, const ParameterDescriptor&, bool) [with ParameterT = int; std::string = std::__cxx11::basic_string<char>; rcl_interfaces::msg::ParameterDescriptor = rcl_interfaces::msg::ParameterDescriptor_<std::allocator<void> >][m[K’
[1.112s]   157 | [01;36m[KNode[m[K::declare_parameter(
[1.112s]       | [01;36m[K^~~~[m[K
[1.112s] [01m[K/opt/ros/foxy/include/rclcpp/node_impl.hpp:157:1:[m[K [01;36m[Knote: [m[K  candidate expects 4 arguments, 1 provided
[1.112s] [01m[K/home/pranav/ros2_ws/src/turtlebot3/turtlebot3_node/src/turtlebot3.cpp:57:50:[m[K [01;31m[Kerror: [m[Kno matching function for call to ‘[01m[Krobotis::turtlebot3::TurtleBot3::declare_parameter<int>(const char [17])[m[K’
[1.112s]    57 |   this->declare_parameter<int>("opencr.baud_rate"[01;31m[K)[m[K;
[1.112s]       |                                                  [01;31m[K^[m[K
[1.112s] In file included from [01m[K/opt/ros/foxy/include/rclcpp/node.hpp:1224[m[K,
[1.112s]                  from [01m[K/opt/ros/foxy/include/rclcpp/executors/single_threaded_executor.hpp:28[m[K,
[1.112s]                  from [01m[K/opt/ros/foxy/include/rclcpp/executors.hpp:22[m[K,
[1.112s]                  from [01m[K/opt/ros/foxy/include/rclcpp/rclcpp.hpp:146[m[K,
[1.112s]                  from [01m[K/opt/ros/foxy/include/tf2_ros/transform_broadcaster.h:36[m[K,
[1.112s]                  from [01m[K/home/pranav/ros2_ws/src/turtlebot3/turtlebot3_node/include/turtlebot3_node/turtlebot3.hpp:20[m[K,
[1.112s]                  from [01m[K/home/pranav/ros2_ws/src/turtlebot3/turtlebot3_node/src/turtlebot3.cpp:17[m[K:
[1.112s] [01m[K/opt/ros/foxy/include/rclcpp/node_impl.hpp:157:1:[m[K [01;36m[Knote: [m[Kcandidate: ‘[01m[Kauto rclcpp::Node::declare_parameter(const string&, const ParameterT&, const ParameterDescriptor&, bool) [with ParameterT = int; std::string = std::__cxx11::basic_string<char>; rcl_interfaces::msg::ParameterDescriptor = rcl_interfaces::msg::ParameterDescriptor_<std::allocator<void> >][m[K’
[1.112s]   157 | [01;36m[KNode[m[K::declare_parameter(
[1.112s]       | [01;36m[K^~~~[m[K
[1.113s] [01m[K/opt/ros/foxy/include/rclcpp/node_impl.hpp:157:1:[m[K [01;36m[Knote: [m[K  candidate expects 4 arguments, 1 provided
[1.113s] [01m[K/home/pranav/ros2_ws/src/turtlebot3/turtlebot3_node/src/turtlebot3.cpp:58:59:[m[K [01;31m[Kerror: [m[Kno matching function for call to ‘[01m[Krobotis::turtlebot3::TurtleBot3::declare_parameter<float>(const char [24])[m[K’
[1.113s]    58 |   this->declare_parameter<float>("opencr.protocol_version"[01;31m[K)[m[K;
[1.113s]       |                                                           [01;31m[K^[m[K
[1.113s] In file included from [01m[K/opt/ros/foxy/include/rclcpp/node.hpp:1224[m[K,
[1.113s]                  from [01m[K/opt/ros/foxy/include/rclcpp/executors/single_threaded_executor.hpp:28[m[K,
[1.113s]                  from [01m[K/opt/ros/foxy/include/rclcpp/executors.hpp:22[m[K,
[1.113s]                  from [01m[K/opt/ros/foxy/include/rclcpp/rclcpp.hpp:146[m[K,
[1.113s]                  from [01m[K/opt/ros/foxy/include/tf2_ros/transform_broadcaster.h:36[m[K,
[1.113s]                  from [01m[K/home/pranav/ros2_ws/src/turtlebot3/turtlebot3_node/include/turtlebot3_node/turtlebot3.hpp:20[m[K,
[1.113s]                  from [01m[K/home/pranav/ros2_ws/src/turtlebot3/turtlebot3_node/src/turtlebot3.cpp:17[m[K:
[1.113s] [01m[K/opt/ros/foxy/include/rclcpp/node_impl.hpp:157:1:[m[K [01;36m[Knote: [m[Kcandidate: ‘[01m[Kauto rclcpp::Node::declare_parameter(const string&, const ParameterT&, const ParameterDescriptor&, bool) [with ParameterT = float; std::string = std::__cxx11::basic_string<char>; rcl_interfaces::msg::ParameterDescriptor = rcl_interfaces::msg::ParameterDescriptor_<std::allocator<void> >][m[K’
[1.113s]   157 | [01;36m[KNode[m[K::declare_parameter(
[1.113s]       | [01;36m[K^~~~[m[K
[1.113s] [01m[K/opt/ros/foxy/include/rclcpp/node_impl.hpp:157:1:[m[K [01;36m[Knote: [m[K  candidate expects 4 arguments, 1 provided
[1.113s] [01m[K/home/pranav/ros2_ws/src/turtlebot3/turtlebot3_node/src/turtlebot3.cpp:59:51:[m[K [01;31m[Kerror: [m[Kno matching function for call to ‘[01m[Krobotis::turtlebot3::TurtleBot3::declare_parameter<std::string>(const char [10])[m[K’
[1.113s]    59 |   this->declare_parameter<std::string>("namespace"[01;31m[K)[m[K;
[1.113s]       |                                                   [01;31m[K^[m[K
[1.113s] In file included from [01m[K/opt/ros/foxy/include/rclcpp/node.hpp:1224[m[K,
[1.113s]                  from [01m[K/opt/ros/foxy/include/rclcpp/executors/single_threaded_executor.hpp:28[m[K,
[1.113s]                  from [01m[K/opt/ros/foxy/include/rclcpp/executors.hpp:22[m[K,
[1.113s]                  from [01m[K/opt/ros/foxy/include/rclcpp/rclcpp.hpp:146[m[K,
[1.113s]                  from [01m[K/opt/ros/foxy/include/tf2_ros/transform_broadcaster.h:36[m[K,
[1.113s]                  from [01m[K/home/pranav/ros2_ws/src/turtlebot3/turtlebot3_node/include/turtlebot3_node/turtlebot3.hpp:20[m[K,
[1.113s]                  from [01m[K/home/pranav/ros2_ws/src/turtlebot3/turtlebot3_node/src/turtlebot3.cpp:17[m[K:
[1.113s] [01m[K/opt/ros/foxy/include/rclcpp/node_impl.hpp:157:1:[m[K [01;36m[Knote: [m[Kcandidate: ‘[01m[Kauto rclcpp::Node::declare_parameter(const string&, const ParameterT&, const ParameterDescriptor&, bool) [with ParameterT = std::__cxx11::basic_string<char>; std::string = std::__cxx11::basic_string<char>; rcl_interfaces::msg::ParameterDescriptor = rcl_interfaces::msg::ParameterDescriptor_<std::allocator<void> >][m[K’
[1.113s]   157 | [01;36m[KNode[m[K::declare_parameter(
[1.113s]       | [01;36m[K^~~~[m[K
[1.113s] [01m[K/opt/ros/foxy/include/rclcpp/node_impl.hpp:157:1:[m[K [01;36m[Knote: [m[K  candidate expects 4 arguments, 1 provided
[1.114s] [01m[K/home/pranav/ros2_ws/src/turtlebot3/turtlebot3_node/src/turtlebot3.cpp:[m[K In member function ‘[01m[Kvoid robotis::turtlebot3::TurtleBot3::add_motors()[m[K’:
[1.114s] [01m[K/home/pranav/ros2_ws/src/turtlebot3/turtlebot3_node/src/turtlebot3.cpp:117:72:[m[K [01;31m[Kerror: [m[Kno matching function for call to ‘[01m[Krobotis::turtlebot3::TurtleBot3::declare_parameter<float>(const char [37])[m[K’
[1.114s]   117 |   this->declare_parameter<float>("motors.profile_acceleration_constant"[01;31m[K)[m[K;
[1.114s]       |                                                                        [01;31m[K^[m[K
[1.114s] In file included from [01m[K/opt/ros/foxy/include/rclcpp/node.hpp:1224[m[K,
[1.114s]                  from [01m[K/opt/ros/foxy/include/rclcpp/executors/single_threaded_executor.hpp:28[m[K,
[1.114s]                  from [01m[K/opt/ros/foxy/include/rclcpp/executors.hpp:22[m[K,
[1.114s]                  from [01m[K/opt/ros/foxy/include/rclcpp/rclcpp.hpp:146[m[K,
[1.114s]                  from [01m[K/opt/ros/foxy/include/tf2_ros/transform_broadcaster.h:36[m[K,
[1.114s]                  from [01m[K/home/pranav/ros2_ws/src/turtlebot3/turtlebot3_node/include/turtlebot3_node/turtlebot3.hpp:20[m[K,
[1.114s]                  from [01m[K/home/pranav/ros2_ws/src/turtlebot3/turtlebot3_node/src/turtlebot3.cpp:17[m[K:
[1.114s] [01m[K/opt/ros/foxy/include/rclcpp/node_impl.hpp:157:1:[m[K [01;36m[Knote: [m[Kcandidate: ‘[01m[Kauto rclcpp::Node::declare_parameter(const string&, const ParameterT&, const ParameterDescriptor&, bool) [with ParameterT = float; std::string = std::__cxx11::basic_string<char>; rcl_interfaces::msg::ParameterDescriptor = rcl_interfaces::msg::ParameterDescriptor_<std::allocator<void> >][m[K’
[1.114s]   157 | [01;36m[KNode[m[K::declare_parameter(
[1.114s]       | [01;36m[K^~~~[m[K
[1.114s] [01m[K/opt/ros/foxy/include/rclcpp/node_impl.hpp:157:1:[m[K [01;36m[Knote: [m[K  candidate expects 4 arguments, 1 provided
[1.115s] [01m[K/home/pranav/ros2_ws/src/turtlebot3/turtlebot3_node/src/turtlebot3.cpp:[m[K In member function ‘[01m[Kvoid robotis::turtlebot3::TurtleBot3::add_wheels()[m[K’:
[1.115s] [01m[K/home/pranav/ros2_ws/src/turtlebot3/turtlebot3_node/src/turtlebot3.cpp:135:53:[m[K [01;31m[Kerror: [m[Kno matching function for call to ‘[01m[Krobotis::turtlebot3::TurtleBot3::declare_parameter<float>(const char [18])[m[K’
[1.115s]   135 |   this->declare_parameter<float>("wheels.separation"[01;31m[K)[m[K;
[1.115s]       |                                                     [01;31m[K^[m[K
[1.115s] In file included from [01m[K/opt/ros/foxy/include/rclcpp/node.hpp:1224[m[K,
[1.115s]                  from [01m[K/opt/ros/foxy/include/rclcpp/executors/single_threaded_executor.hpp:28[m[K,
[1.115s]                  from [01m[K/opt/ros/foxy/include/rclcpp/executors.hpp:22[m[K,
[1.115s]                  from [01m[K/opt/ros/foxy/include/rclcpp/rclcpp.hpp:146[m[K,
[1.115s]                  from [01m[K/opt/ros/foxy/include/tf2_ros/transform_broadcaster.h:36[m[K,
[1.115s]                  from [01m[K/home/pranav/ros2_ws/src/turtlebot3/turtlebot3_node/include/turtlebot3_node/turtlebot3.hpp:20[m[K,
[1.115s]                  from [01m[K/home/pranav/ros2_ws/src/turtlebot3/turtlebot3_node/src/turtlebot3.cpp:17[m[K:
[1.115s] [01m[K/opt/ros/foxy/include/rclcpp/node_impl.hpp:157:1:[m[K [01;36m[Knote: [m[Kcandidate: ‘[01m[Kauto rclcpp::Node::declare_parameter(const string&, const ParameterT&, const ParameterDescriptor&, bool) [with ParameterT = float; std::string = std::__cxx11::basic_string<char>; rcl_interfaces::msg::ParameterDescriptor = rcl_interfaces::msg::ParameterDescriptor_<std::allocator<void> >][m[K’
[1.115s]   157 | [01;36m[KNode[m[K::declare_parameter(
[1.115s]       | [01;36m[K^~~~[m[K
[1.115s] [01m[K/opt/ros/foxy/include/rclcpp/node_impl.hpp:157:1:[m[K [01;36m[Knote: [m[K  candidate expects 4 arguments, 1 provided
[1.115s] [01m[K/home/pranav/ros2_ws/src/turtlebot3/turtlebot3_node/src/turtlebot3.cpp:136:49:[m[K [01;31m[Kerror: [m[Kno matching function for call to ‘[01m[Krobotis::turtlebot3::TurtleBot3::declare_parameter<float>(const char [14])[m[K’
[1.115s]   136 |   this->declare_parameter<float>("wheels.radius"[01;31m[K)[m[K;
[1.115s]       |                                                 [01;31m[K^[m[K
[1.115s] In file included from [01m[K/opt/ros/foxy/include/rclcpp/node.hpp:1224[m[K,
[1.115s]                  from [01m[K/opt/ros/foxy/include/rclcpp/executors/single_threaded_executor.hpp:28[m[K,
[1.115s]                  from [01m[K/opt/ros/foxy/include/rclcpp/executors.hpp:22[m[K,
[1.115s]                  from [01m[K/opt/ros/foxy/include/rclcpp/rclcpp.hpp:146[m[K,
[1.115s]                  from [01m[K/opt/ros/foxy/include/tf2_ros/transform_broadcaster.h:36[m[K,
[1.116s]                  from [01m[K/home/pranav/ros2_ws/src/turtlebot3/turtlebot3_node/include/turtlebot3_node/turtlebot3.hpp:20[m[K,
[1.116s]                  from [01m[K/home/pranav/ros2_ws/src/turtlebot3/turtlebot3_node/src/turtlebot3.cpp:17[m[K:
[1.116s] [01m[K/opt/ros/foxy/include/rclcpp/node_impl.hpp:157:1:[m[K [01;36m[Knote: [m[Kcandidate: ‘[01m[Kauto rclcpp::Node::declare_parameter(const string&, const ParameterT&, const ParameterDescriptor&, bool) [with ParameterT = float; std::string = std::__cxx11::basic_string<char>; rcl_interfaces::msg::ParameterDescriptor = rcl_interfaces::msg::ParameterDescriptor_<std::allocator<void> >][m[K’
[1.116s]   157 | [01;36m[KNode[m[K::declare_parameter(
[1.116s]       | [01;36m[K^~~~[m[K
[1.116s] [01m[K/opt/ros/foxy/include/rclcpp/node_impl.hpp:157:1:[m[K [01;36m[Knote: [m[K  candidate expects 4 arguments, 1 provided
[1.116s] [01m[K/home/pranav/ros2_ws/src/turtlebot3/turtlebot3_node/src/turtlebot3.cpp:[m[K In member function ‘[01m[Kvoid robotis::turtlebot3::TurtleBot3::add_sensors()[m[K’:
[1.116s] [01m[K/home/pranav/ros2_ws/src/turtlebot3/turtlebot3_node/src/turtlebot3.cpp:152:50:[m[K [01;31m[Kerror: [m[Kno matching function for call to ‘[01m[Krobotis::turtlebot3::TurtleBot3::declare_parameter<int>(const char [17])[m[K’
[1.116s]   152 |   this->declare_parameter<int>("sensors.bumper_1"[01;31m[K)[m[K;
[1.116s]       |                                                  [01;31m[K^[m[K
[1.116s] In file included from [01m[K/opt/ros/foxy/include/rclcpp/node.hpp:1224[m[K,
[1.116s]                  from [01m[K/opt/ros/foxy/include/rclcpp/executors/single_threaded_executor.hpp:28[m[K,
[1.116s]                  from [01m[K/opt/ros/foxy/include/rclcpp/executors.hpp:22[m[K,
[1.116s]                  from [01m[K/opt/ros/foxy/include/rclcpp/rclcpp.hpp:146[m[K,
[1.116s]                  from [01m[K/opt/ros/foxy/include/tf2_ros/transform_broadcaster.h:36[m[K,
[1.116s]                  from [01m[K/home/pranav/ros2_ws/src/turtlebot3/turtlebot3_node/include/turtlebot3_node/turtlebot3.hpp:20[m[K,
[1.116s]                  from [01m[K/home/pranav/ros2_ws/src/turtlebot3/turtlebot3_node/src/turtlebot3.cpp:17[m[K:
[1.116s] [01m[K/opt/ros/foxy/include/rclcpp/node_impl.hpp:157:1:[m[K [01;36m[Knote: [m[Kcandidate: ‘[01m[Kauto rclcpp::Node::declare_parameter(const string&, const ParameterT&, const ParameterDescriptor&, bool) [with ParameterT = int; std::string = std::__cxx11::basic_string<char>; rcl_interfaces::msg::ParameterDescriptor = rcl_interfaces::msg::ParameterDescriptor_<std::allocator<void> >][m[K’
[1.116s]   157 | [01;36m[KNode[m[K::declare_parameter(
[1.116s]       | [01;36m[K^~~~[m[K
[1.116s] [01m[K/opt/ros/foxy/include/rclcpp/node_impl.hpp:157:1:[m[K [01;36m[Knote: [m[K  candidate expects 4 arguments, 1 provided
[1.116s] [01m[K/home/pranav/ros2_ws/src/turtlebot3/turtlebot3_node/src/turtlebot3.cpp:153:50:[m[K [01;31m[Kerror: [m[Kno matching function for call to ‘[01m[Krobotis::turtlebot3::TurtleBot3::declare_parameter<int>(const char [17])[m[K’
[1.116s]   153 |   this->declare_parameter<int>("sensors.bumper_2"[01;31m[K)[m[K;
[1.116s]       |                                                  [01;31m[K^[m[K
[1.116s] In file included from [01m[K/opt/ros/foxy/include/rclcpp/node.hpp:1224[m[K,
[1.116s]                  from [01m[K/opt/ros/foxy/include/rclcpp/executors/single_threaded_executor.hpp:28[m[K,
[1.116s]                  from [01m[K/opt/ros/foxy/include/rclcpp/executors.hpp:22[m[K,
[1.116s]                  from [01m[K/opt/ros/foxy/include/rclcpp/rclcpp.hpp:146[m[K,
[1.116s]                  from [01m[K/opt/ros/foxy/include/tf2_ros/transform_broadcaster.h:36[m[K,
[1.116s]                  from [01m[K/home/pranav/ros2_ws/src/turtlebot3/turtlebot3_node/include/turtlebot3_node/turtlebot3.hpp:20[m[K,
[1.116s]                  from [01m[K/home/pranav/ros2_ws/src/turtlebot3/turtlebot3_node/src/turtlebot3.cpp:17[m[K:
[1.116s] [01m[K/opt/ros/foxy/include/rclcpp/node_impl.hpp:157:1:[m[K [01;36m[Knote: [m[Kcandidate: ‘[01m[Kauto rclcpp::Node::declare_parameter(const string&, const ParameterT&, const ParameterDescriptor&, bool) [with ParameterT = int; std::string = std::__cxx11::basic_string<char>; rcl_interfaces::msg::ParameterDescriptor = rcl_interfaces::msg::ParameterDescriptor_<std::allocator<void> >][m[K’
[1.116s]   157 | [01;36m[KNode[m[K::declare_parameter(
[1.116s]       | [01;36m[K^~~~[m[K
[1.116s] [01m[K/opt/ros/foxy/include/rclcpp/node_impl.hpp:157:1:[m[K [01;36m[Knote: [m[K  candidate expects 4 arguments, 1 provided
[1.116s] [01m[K/home/pranav/ros2_ws/src/turtlebot3/turtlebot3_node/src/turtlebot3.cpp:154:54:[m[K [01;31m[Kerror: [m[Kno matching function for call to ‘[01m[Krobotis::turtlebot3::TurtleBot3::declare_parameter<int>(const char [21])[m[K’
[1.116s]   154 |   this->declare_parameter<int>("sensors.illumination"[01;31m[K)[m[K;
[1.116s]       |                                                      [01;31m[K^[m[K
[1.116s] In file included from [01m[K/opt/ros/foxy/include/rclcpp/node.hpp:1224[m[K,
[1.116s]                  from [01m[K/opt/ros/foxy/include/rclcpp/executors/single_threaded_executor.hpp:28[m[K,
[1.116s]                  from [01m[K/opt/ros/foxy/include/rclcpp/executors.hpp:22[m[K,
[1.116s]                  from [01m[K/opt/ros/foxy/include/rclcpp/rclcpp.hpp:146[m[K,
[1.116s]                  from [01m[K/opt/ros/foxy/include/tf2_ros/transform_broadcaster.h:36[m[K,
[1.116s]                  from [01m[K/home/pranav/ros2_ws/src/turtlebot3/turtlebot3_node/include/turtlebot3_node/turtlebot3.hpp:20[m[K,
[1.116s]                  from [01m[K/home/pranav/ros2_ws/src/turtlebot3/turtlebot3_node/src/turtlebot3.cpp:17[m[K:
[1.116s] [01m[K/opt/ros/foxy/include/rclcpp/node_impl.hpp:157:1:[m[K [01;36m[Knote: [m[Kcandidate: ‘[01m[Kauto rclcpp::Node::declare_parameter(const string&, const ParameterT&, const ParameterDescriptor&, bool) [with ParameterT = int; std::string = std::__cxx11::basic_string<char>; rcl_interfaces::msg::ParameterDescriptor = rcl_interfaces::msg::ParameterDescriptor_<std::allocator<void> >][m[K’
[1.116s]   157 | [01;36m[KNode[m[K::declare_parameter(
[1.116s]       | [01;36m[K^~~~[m[K
[1.116s] [01m[K/opt/ros/foxy/include/rclcpp/node_impl.hpp:157:1:[m[K [01;36m[Knote: [m[K  candidate expects 4 arguments, 1 provided
[1.116s] [01m[K/home/pranav/ros2_ws/src/turtlebot3/turtlebot3_node/src/turtlebot3.cpp:155:44:[m[K [01;31m[Kerror: [m[Kno matching function for call to ‘[01m[Krobotis::turtlebot3::TurtleBot3::declare_parameter<int>(const char [11])[m[K’
[1.117s]   155 |   this->declare_parameter<int>("sensors.ir"[01;31m[K)[m[K;
[1.117s]       |                                            [01;31m[K^[m[K
[1.117s] In file included from [01m[K/opt/ros/foxy/include/rclcpp/node.hpp:1224[m[K,
[1.117s]                  from [01m[K/opt/ros/foxy/include/rclcpp/executors/single_threaded_executor.hpp:28[m[K,
[1.117s]                  from [01m[K/opt/ros/foxy/include/rclcpp/executors.hpp:22[m[K,
[1.117s]                  from [01m[K/opt/ros/foxy/include/rclcpp/rclcpp.hpp:146[m[K,
[1.117s]                  from [01m[K/opt/ros/foxy/include/tf2_ros/transform_broadcaster.h:36[m[K,
[1.117s]                  from [01m[K/home/pranav/ros2_ws/src/turtlebot3/turtlebot3_node/include/turtlebot3_node/turtlebot3.hpp:20[m[K,
[1.117s]                  from [01m[K/home/pranav/ros2_ws/src/turtlebot3/turtlebot3_node/src/turtlebot3.cpp:17[m[K:
[1.117s] [01m[K/opt/ros/foxy/include/rclcpp/node_impl.hpp:157:1:[m[K [01;36m[Knote: [m[Kcandidate: ‘[01m[Kauto rclcpp::Node::declare_parameter(const string&, const ParameterT&, const ParameterDescriptor&, bool) [with ParameterT = int; std::string = std::__cxx11::basic_string<char>; rcl_interfaces::msg::ParameterDescriptor = rcl_interfaces::msg::ParameterDescriptor_<std::allocator<void> >][m[K’
[1.117s]   157 | [01;36m[KNode[m[K::declare_parameter(
[1.117s]       | [01;36m[K^~~~[m[K
[1.117s] [01m[K/opt/ros/foxy/include/rclcpp/node_impl.hpp:157:1:[m[K [01;36m[Knote: [m[K  candidate expects 4 arguments, 1 provided
[1.117s] [01m[K/home/pranav/ros2_ws/src/turtlebot3/turtlebot3_node/src/turtlebot3.cpp:156:47:[m[K [01;31m[Kerror: [m[Kno matching function for call to ‘[01m[Krobotis::turtlebot3::TurtleBot3::declare_parameter<int>(const char [14])[m[K’
[1.117s]   156 |   this->declare_parameter<int>("sensors.sonar"[01;31m[K)[m[K;
[1.117s]       |                                               [01;31m[K^[m[K
[1.117s] In file included from [01m[K/opt/ros/foxy/include/rclcpp/node.hpp:1224[m[K,
[1.117s]                  from [01m[K/opt/ros/foxy/include/rclcpp/executors/single_threaded_executor.hpp:28[m[K,
[1.117s]                  from [01m[K/opt/ros/foxy/include/rclcpp/executors.hpp:22[m[K,
[1.117s]                  from [01m[K/opt/ros/foxy/include/rclcpp/rclcpp.hpp:146[m[K,
[1.117s]                  from [01m[K/opt/ros/foxy/include/tf2_ros/transform_broadcaster.h:36[m[K,
[1.117s]                  from [01m[K/home/pranav/ros2_ws/src/turtlebot3/turtlebot3_node/include/turtlebot3_node/turtlebot3.hpp:20[m[K,
[1.117s]                  from [01m[K/home/pranav/ros2_ws/src/turtlebot3/turtlebot3_node/src/turtlebot3.cpp:17[m[K:
[1.117s] [01m[K/opt/ros/foxy/include/rclcpp/node_impl.hpp:157:1:[m[K [01;36m[Knote: [m[Kcandidate: ‘[01m[Kauto rclcpp::Node::declare_parameter(const string&, const ParameterT&, const ParameterDescriptor&, bool) [with ParameterT = int; std::string = std::__cxx11::basic_string<char>; rcl_interfaces::msg::ParameterDescriptor = rcl_interfaces::msg::ParameterDescriptor_<std::allocator<void> >][m[K’
[1.117s]   157 | [01;36m[KNode[m[K::declare_parameter(
[1.117s]       | [01;36m[K^~~~[m[K
[1.117s] [01m[K/opt/ros/foxy/include/rclcpp/node_impl.hpp:157:1:[m[K [01;36m[Knote: [m[K  candidate expects 4 arguments, 1 provided
[2.415s] make[2]: *** [CMakeFiles/turtlebot3_node_lib.dir/build.make:141: CMakeFiles/turtlebot3_node_lib.dir/src/turtlebot3.cpp.o] Error 1
[2.416s] make[2]: *** Waiting for unfinished jobs....
[2.607s] make[2]: *** [CMakeFiles/turtlebot3_node_lib.dir/build.make:128: CMakeFiles/turtlebot3_node_lib.dir/src/odometry.cpp.o] Error 1
[2.607s] make[1]: *** [CMakeFiles/Makefile2:107: CMakeFiles/turtlebot3_node_lib.dir/all] Error 2
[2.607s] make: *** [Makefile:141: all] Error 2
[2.609s] Invoked command in '/home/pranav/ros2_ws/build/turtlebot3_node' returned '2': CMAKE_PREFIX_PATH=${CMAKE_PREFIX_PATH}:/home/pranav/ros2_ws/install/turtlebot3_teleop:/home/pranav/ros2_ws/install/turtlebot3_example:/home/pranav/ros2_ws/install/landmark_detector_pkg:/home/pranav/ros2_ws/install/erc:/opt/ros/foxy /usr/bin/cmake --build /home/pranav/ros2_ws/build/turtlebot3_node -- -j4 -l4
