[0.354s] Invoking command in '/home/pranav/ros2_ws/src/landmark_detector_pkg': PYTHONPATH=/home/pranav/ros2_ws/build/landmark_detector_pkg/prefix_override:/usr/lib/python3/dist-packages/colcon_core/task/python/colcon_distutils_commands:/home/pranav/ros2_ws/install/landmark_detector_pkg/lib/python3.8/site-packages:${PYTHONPATH} /usr/bin/python3 -W ignore:setup.py install is deprecated -W ignore:easy_install command is deprecated setup.py egg_info --egg-base ../../build/landmark_detector_pkg build --build-base /home/pranav/ros2_ws/build/landmark_detector_pkg/build install --record /home/pranav/ros2_ws/build/landmark_detector_pkg/install.log --install-scripts $base/lib/landmark_detector_pkg --single-version-externally-managed install_data
[0.456s] running egg_info
[0.456s] creating ../../build/landmark_detector_pkg/landmark_detector_pkg.egg-info
[0.457s] writing ../../build/landmark_detector_pkg/landmark_detector_pkg.egg-info/PKG-INFO
[0.457s] writing dependency_links to ../../build/landmark_detector_pkg/landmark_detector_pkg.egg-info/dependency_links.txt
[0.457s] writing entry points to ../../build/landmark_detector_pkg/landmark_detector_pkg.egg-info/entry_points.txt
[0.457s] writing requirements to ../../build/landmark_detector_pkg/landmark_detector_pkg.egg-info/requires.txt
[0.457s] writing top-level names to ../../build/landmark_detector_pkg/landmark_detector_pkg.egg-info/top_level.txt
[0.457s] writing manifest file '../../build/landmark_detector_pkg/landmark_detector_pkg.egg-info/SOURCES.txt'
[0.474s] reading manifest file '../../build/landmark_detector_pkg/landmark_detector_pkg.egg-info/SOURCES.txt'
[0.474s] writing manifest file '../../build/landmark_detector_pkg/landmark_detector_pkg.egg-info/SOURCES.txt'
[0.474s] running build
[0.474s] running build_py
[0.474s] creating /home/pranav/ros2_ws/build/landmark_detector_pkg/build
[0.474s] creating /home/pranav/ros2_ws/build/landmark_detector_pkg/build/lib
[0.474s] creating /home/pranav/ros2_ws/build/landmark_detector_pkg/build/lib/landmark_detector_pkg
[0.474s] copying landmark_detector_pkg/__init__.py -> /home/pranav/ros2_ws/build/landmark_detector_pkg/build/lib/landmark_detector_pkg
[0.474s] copying landmark_detector_pkg/landmark_detector_node.py -> /home/pranav/ros2_ws/build/landmark_detector_pkg/build/lib/landmark_detector_pkg
[0.474s] running install
[0.475s] running install_lib
[0.475s] creating /home/pranav/ros2_ws/install/landmark_detector_pkg/lib/python3.8/site-packages/landmark_detector_pkg
[0.475s] copying /home/pranav/ros2_ws/build/landmark_detector_pkg/build/lib/landmark_detector_pkg/__init__.py -> /home/pranav/ros2_ws/install/landmark_detector_pkg/lib/python3.8/site-packages/landmark_detector_pkg
[0.475s] copying /home/pranav/ros2_ws/build/landmark_detector_pkg/build/lib/landmark_detector_pkg/landmark_detector_node.py -> /home/pranav/ros2_ws/install/landmark_detector_pkg/lib/python3.8/site-packages/landmark_detector_pkg
[0.475s] byte-compiling /home/pranav/ros2_ws/install/landmark_detector_pkg/lib/python3.8/site-packages/landmark_detector_pkg/__init__.py to __init__.cpython-38.pyc
[0.476s] byte-compiling /home/pranav/ros2_ws/install/landmark_detector_pkg/lib/python3.8/site-packages/landmark_detector_pkg/landmark_detector_node.py to landmark_detector_node.cpython-38.pyc
[0.476s] running install_data
[0.476s] creating /home/pranav/ros2_ws/install/landmark_detector_pkg/share/ament_index
[0.477s] creating /home/pranav/ros2_ws/install/landmark_detector_pkg/share/ament_index/resource_index
[0.477s] creating /home/pranav/ros2_ws/install/landmark_detector_pkg/share/ament_index/resource_index/packages
[0.477s] copying resource/landmark_detector_pkg -> /home/pranav/ros2_ws/install/landmark_detector_pkg/share/ament_index/resource_index/packages
[0.477s] copying package.xml -> /home/pranav/ros2_ws/install/landmark_detector_pkg/share/landmark_detector_pkg
[0.477s] running install_egg_info
[0.477s] Copying ../../build/landmark_detector_pkg/landmark_detector_pkg.egg-info to /home/pranav/ros2_ws/install/landmark_detector_pkg/lib/python3.8/site-packages/landmark_detector_pkg-0.0.0-py3.8.egg-info
[0.478s] running install_scripts
[0.485s] Installing landmark_detector script to /home/pranav/ros2_ws/install/landmark_detector_pkg/lib/landmark_detector_pkg
[0.485s] writing list of installed files to '/home/pranav/ros2_ws/build/landmark_detector_pkg/install.log'
[0.494s] Invoked command in '/home/pranav/ros2_ws/src/landmark_detector_pkg' returned '0': PYTHONPATH=/home/pranav/ros2_ws/build/landmark_detector_pkg/prefix_override:/usr/lib/python3/dist-packages/colcon_core/task/python/colcon_distutils_commands:/home/pranav/ros2_ws/install/landmark_detector_pkg/lib/python3.8/site-packages:${PYTHONPATH} /usr/bin/python3 -W ignore:setup.py install is deprecated -W ignore:easy_install command is deprecated setup.py egg_info --egg-base ../../build/landmark_detector_pkg build --build-base /home/pranav/ros2_ws/build/landmark_detector_pkg/build install --record /home/pranav/ros2_ws/build/landmark_detector_pkg/install.log --install-scripts $base/lib/landmark_detector_pkg --single-version-externally-managed install_data
